<?xml version="1.0" encoding="UTF-8" ?>
<testsuite errors="0" failures="0" hostname="vdi-dev2-067" name="lowatem.IALowatemTest" skipped="0" tests="1" time="37.892" timestamp="2022-01-04T19:39:40">
  <properties>
[...]
</properties>
  <testcase classname="lowatem.IALowatemTest" name="testIA" time="37.735" />
  <system-out><![CDATA[On joue : bBDaB,61,61
negamax took: 329ms

(61:61) Tacheron joue : cCDfC,61,61
On joue : aBDbBAcB,57,57
negamax took: 219ms

(61:61) Tacheron joue : fCDbC,61,61
On joue : bBDaB,61,61
negamax took: 250ms

(61:61) Tacheron joue : bCDkC,61,61
On joue : aBDbBAcB,57,57
negamax took: 266ms

(61:61) Tacheron joue : fLDaL,61,61
On joue : bBDaB,61,61
negamax took: 187ms

(61:61) Tacheron joue : iHDkH,61,61
On joue : aBDbBAcB,57,57
negamax took: 188ms

(61:61) Tacheron joue : aHDhH,61,61
On joue : bBDaB,61,61
negamax took: 203ms

(61:61) Tacheron joue : nMDnF,61,61
On joue : aBDbBAcB,57,57
negamax took: 218ms

(61:61) Tacheron joue : aLDaB,61,61
On joue : bBDdBAcB,57,57
negamax took: 188ms

(61:61) Tacheron joue : cBDcK,61,61
On joue : bFDaF,61,61
negamax took: 203ms

(61:61) Tacheron joue : cKDcBAdB,59,57
On joue : aFDbF,59,57
negamax took: 172ms

(59:57) Tacheron joue : hHDiH,59,57
On joue : bFDaF,59,57
negamax took: 172ms

(59:57) Tacheron joue : cBDjB,59,57
On joue : aFDbF,59,57
negamax took: 187ms

(59:57) Tacheron joue : lMDlE,59,57
On joue : bFDaF,59,57
negamax took: 188ms

(59:57) Tacheron joue : nFDnH,59,57
On joue : aFDbF,59,57
negamax took: 187ms

(59:57) Tacheron joue : lEDjE,59,57
On joue : bFDaF,59,57
negamax took: 172ms

(59:57) Tacheron joue : kHDlH,59,57
On joue : aFDbF,59,57
negamax took: 188ms

(59:57) Tacheron joue : aBDaF,59,57
On joue : bFDcF,59,57
negamax took: 172ms

(59:57) Tacheron joue : kCDgC,59,57
On joue : cADbA,59,57
negamax took: 187ms

(59:57) Tacheron joue : jBDlB,59,57
On joue : bADaA,59,57
negamax took: 188ms

(59:57) Tacheron joue : kKDkB,59,57
On joue : aADbA,59,57
negamax took: 187ms

(59:57) Tacheron joue : jEDjB,59,57
On joue : bADaA,59,57
negamax took: 188ms

(59:57) Tacheron joue : nHDnH,59,57
On joue : aADbA,59,57
negamax took: 172ms

(59:57) Tacheron joue : iHDiL,59,57
On joue : bADaA,59,57
negamax took: 203ms

(59:57) Tacheron joue : gCDkC,59,57
On joue : aADbA,59,57
negamax took: 187ms

(59:57) Tacheron joue : nHDnF,59,57
On joue : bADaA,59,57
negamax took: 188ms

(59:57) Tacheron joue : aFDdF,59,57
On joue : aADbA,59,57
negamax took: 187ms

(59:57) Tacheron joue : kCDdC,59,57
On joue : bADaA,59,57
negamax took: 188ms

(59:57) Tacheron joue : jBDjK,59,57
On joue : aADbA,59,57
negamax took: 187ms

(59:57) Tacheron joue : kBDkB,59,57
On joue : bADaA,59,57
negamax took: 203ms

(59:57) Tacheron joue : jKDbK,59,57
On joue : aADbA,59,57
negamax took: 188ms

(59:57) Tacheron joue : dFDdF,59,57
On joue : bADaA,59,57
negamax took: 203ms

(59:57) Tacheron joue : lBDlA,59,57
On joue : aADbA,59,57
negamax took: 187ms

(59:57) Tacheron joue : nFDmF,59,57
On joue : bADaA,59,57
negamax took: 188ms

(59:57) Tacheron joue : bKDbH,59,57
On joue : aADbA,59,57
negamax took: 187ms

(59:57) Tacheron joue : dFDbFAcF,56,51
On joue : bADaA,56,51
negamax took: 188ms

(56:51) Tacheron joue : lADgA,56,51
On joue : aADbA,56,51
negamax took: 188ms

(56:51) Tacheron joue : dCDdA,56,51
On joue : bADaA,56,51
negamax took: 203ms

(56:51) Tacheron joue : kBDkB,56,51
On joue : aADbA,56,51
negamax took: 187ms

(56:51) Tacheron joue : lHDkH,56,51
On joue : bADaA,56,51
negamax took: 188ms

(56:51) Tacheron joue : bFDbJ,56,51
On joue : aADbA,56,51
negamax took: 187ms

(56:51) Tacheron joue : kBDiB,56,51
On joue : bADaA,56,51
negamax took: 188ms

(56:51) Tacheron joue : bHDbH,56,51
On joue : aADbA,56,51
negamax took: 187ms

(56:51) Tacheron joue : gADgG,56,51
On joue : bADaA,56,51
negamax took: 188ms

(56:51) Tacheron joue : bJDbM,56,51
On joue : aADbA,56,51
negamax took: 187ms

(56:51) Tacheron joue : iBDaB,56,51
On joue : bADaAAaB,51,49
negamax took: 188ms

(56:51) Tacheron joue : bMDbL,56,51
On joue : aADbA,56,51
negamax took: 187ms

(56:51) Tacheron joue : bLDkLAlL,54,47
On joue : bADaAAaB,49,45
negamax took: 188ms

(54:47) Tacheron joue : bHDgH,54,47
On joue : aADbA,54,47
negamax took: 187ms

(54:47) Tacheron joue : kHDkE,54,47
On joue : bADaAAaB,49,45
negamax took: 188ms

(54:47) Tacheron joue : aBDmBAmA,51,43
On joue : aADbA,51,43
negamax took: 187ms

(51:43) Tacheron joue : kLDkMAkN,49,39
On joue : bADaA,49,39
negamax took: 203ms

(49:39) Tacheron joue : gGDgM,49,39
On joue : aADbA,49,39
negamax took: 188ms

(49:39) Tacheron joue : gMDgC,49,39
On joue : bADaA,49,39
negamax took: 203ms

(49:39) Tacheron joue : gCDgE,49,39
On joue : aADbA,49,39
negamax took: 187ms

(49:39) Tacheron joue : gEDgK,49,39
On joue : bADaA,49,39
negamax took: 204ms

(49:39) Tacheron joue : eHDeG,49,39
On joue : aADbA,49,39
negamax took: 187ms

(49:39) Tacheron joue : gKDgN,49,39
On joue : bADaA,49,39
negamax took: 203ms

(49:39) Tacheron joue : gHDhH,49,39
On joue : aADbA,49,39
negamax took: 188ms

(49:39) Tacheron joue : iLDeL,49,39
On joue : bADaA,49,39
negamax took: 203ms

(49:39) Tacheron joue : mFDnF,49,39
On joue : aADbA,49,39
negamax took: 187ms

(49:39) Tacheron joue : eLDeA,49,39
On joue : bADaA,49,39
negamax took: 188ms

(49:39) Tacheron joue : gNDgH,49,39
On joue : aADbA,49,39
negamax took: 187ms

(49:39) Tacheron joue : mBDlB,49,39
On joue : bADaA,49,39
negamax took: 188ms

(49:39) Tacheron joue : hHDhJ,49,39
On joue : aADbA,49,39
negamax took: 187ms

(49:39) Tacheron joue : dADdB,49,39
On joue : bADaA,49,39
negamax took: 204ms

(49:39) Tacheron joue : eADeH,49,39
On joue : aADbA,49,39
negamax took: 203ms

(49:39) Tacheron joue : nFDlF,49,39
On joue : bADaA,49,39
negamax took: 187ms

(49:39) Tacheron joue : eGDeE,49,39
On joue : aADbA,49,39
negamax took: 188ms

(49:39) Tacheron joue : gHDcH,49,39
On joue : bADaA,49,39
negamax took: 203ms

(49:39) Tacheron joue : eHDeC,49,39
On joue : aADbA,49,39
negamax took: 187ms

(49:39) Tacheron joue : eCDeMAfM,47,35
On joue : bADaA,47,35
negamax took: 172ms

(47:35) Tacheron joue : lBDlAAmA,45,32
On joue : aADbA,45,32
negamax took: 141ms

(45:32) Tacheron joue : kMDcM,45,32
On joue : bADaA,45,32
negamax took: 156ms

(45:32) Tacheron joue : eEDdE,45,32
On joue : aADbA,45,32
negamax took: 156ms

(45:32) Tacheron joue : cMDgM,45,32
On joue : bADaA,45,32
negamax took: 157ms

(45:32) Tacheron joue : dBDdI,45,32
On joue : aADbA,45,32
negamax took: 140ms

(45:32) Tacheron joue : gMDgN,45,32
On joue : bADaA,45,32
negamax took: 156ms

(45:32) Tacheron joue : gNDmN,45,32
On joue : aADbA,45,32
negamax took: 141ms

(45:32) Tacheron joue : eMDeG,45,32
On joue : bADaA,45,32
negamax took: 141ms

(45:32) Tacheron joue : dEDdG,45,32
On joue : aADbA,45,32
negamax took: 156ms

(45:32) Tacheron joue : dGDgG,45,32
On joue : bADaA,45,32
negamax took: 141ms

(45:32) Tacheron joue : kEDbE,45,32
On joue : aADbA,45,32
negamax took: 156ms

(45:32) Tacheron joue : hJDeJ,45,32
On joue : bADaA,45,32
negamax took: 156ms

(45:32) Tacheron joue : gGDgM,45,32
On joue : aADbA,45,32
negamax took: 141ms

(45:32) Tacheron joue : dIDdI,45,32
On joue : bADaA,45,32
negamax took: 156ms

(45:32) Tacheron joue : lFDlM,45,32
On joue : aADbA,45,32
negamax took: 156ms

(45:32) Tacheron joue : cHDlH,45,32
On joue : bADaA,45,32
negamax took: 141ms

(45:32) Tacheron joue : mNDmB,45,32
On joue : aADbA,45,32
negamax took: 157ms

(45:32) Tacheron joue : dIDdB,45,32
On joue : bADaA,45,32
negamax took: 155ms

(45:32) Tacheron joue : lHDgH,45,32
On joue : aADbA,45,32
negamax took: 141ms

(45:32) Tacheron joue : mBDfB,45,32
On joue : bADaA,45,32
negamax took: 156ms

(45:32) Tacheron joue : gMDiM,45,32
On joue : aADbA,45,32
negamax took: 157ms

(45:32) Tacheron joue : fBDfJ,45,32
On joue : bADaA,45,32
negamax took: 140ms

(45:32) Tacheron joue : gHDgE,45,32
On joue : aADbA,45,32
negamax took: 141ms

(45:32) Tacheron joue : eGDmG,45,32
On joue : bADaA,45,32
negamax took: 156ms

(45:32) Tacheron joue : lMDcM,45,32
On joue : aADbA,45,32
negamax took: 141ms

(45:32) Tacheron joue : eJDeF,45,32
On joue : bADaA,45,32
negamax took: 156ms

(45:32) Tacheron joue : gEDcE,45,32
On joue : aADbA,45,32
negamax took: 141ms

(45:32) Tacheron joue : dBDnB,45,32
On joue : bADaA,45,32
negamax took: 156ms

(45:32) Tacheron joue : iMDgM,45,32
On joue : aADbA,45,32
negamax took: 140ms

(45:32) Tacheron joue : eFDeN,45,32
On joue : bADaA,45,32
negamax took: 157ms

(45:32) Tacheron joue : fJDfH,45,32
On joue : aADbA,45,32
negamax took: 140ms

(45:32) Tacheron joue : cEDcB,45,32
On joue : bADaA,45,32
negamax took: 157ms

(45:32) Tacheron joue : nBDaB,45,32
On joue : aADbA,45,32
negamax took: 140ms

(45:32) Tacheron joue : aBDaJ,45,32
On joue : bADaA,45,32
negamax took: 156ms

(45:32) Tacheron joue : eNDeL,45,32
On joue : aADbA,45,32
negamax took: 141ms

(45:32) Tacheron joue : cBDcH,45,32
On joue : bADaA,45,32
negamax took: 156ms

(45:32) Tacheron joue : cHDcN,45,32
On joue : aADbA,45,32
negamax took: 141ms

(45:32) Tacheron joue : cMDkMAkN,45,31
On joue : bADaA,45,31
negamax took: 125ms

(45:31) Tacheron joue : fHDdH,45,31
On joue : aADbA,45,31
negamax took: 125ms

(45:31) Tacheron joue : cNDcC,45,31
On joue : bADaA,45,31
negamax took: 141ms

(45:31) Tacheron joue : dHDjH,45,31
On joue : aADbA,45,31
negamax took: 109ms

(45:31) Tacheron joue : eLDeC,45,31
On joue : bADaA,45,31
negamax took: 125ms

(45:31) Tacheron joue : mGDcGAcF,45,30
On joue : aADbA,45,30
negamax took: 109ms

(45:30) Tacheron joue : bEDfE,45,30
On joue : bADaA,45,30
negamax took: 94ms

(45:30) Tacheron joue : jHDjN,45,30
On joue : aADbA,45,30
negamax took: 94ms

(45:30) Tacheron joue : eCDeN,45,30
On joue : bADaA,45,30
negamax took: 109ms

(45:30) Tacheron joue : cGDkG,45,30
On joue : aADbA,45,30
negamax took: 94ms

(45:30) Tacheron joue : kGDkN,45,30
On joue : bADaA,45,30
negamax took: 94ms

(45:30) Tacheron joue : eNDeD,45,30
On joue : aADbA,45,30
negamax took: 109ms

(45:30) Tacheron joue : kMDbM,45,30
On joue : bADaA,45,30
negamax took: 94ms

(45:30) Tacheron joue : eDDeM,45,30
On joue : aADbA,45,30
negamax took: 94ms

(45:30) Tacheron joue : fEDbE,45,30
On joue : bADaA,45,30
negamax took: 109ms

(45:30) Tacheron joue : kNDkB,45,30
On joue : aADbA,45,30
negamax took: 94ms

(45:30) Tacheron joue : jNDdN,45,30
On joue : bADaA,45,30
negamax took: 109ms

(45:30) Tacheron joue : bEDbB,45,30
On joue : aADbAAbB,39,28
negamax took: 94ms

(45:30) Tacheron joue : gMDnM,45,30
On joue : bADaA,45,30
negamax took: 109ms

(45:30) Tacheron joue : dNDdL,45,30
On joue : aADbAAbB,39,28
negamax took: 110ms

(45:30) Tacheron joue : dLDdG,45,30
On joue : bADaA,45,30
negamax took: 93ms

(45:30) Tacheron joue : kBDhB,45,30
On joue : aADbAAbB,39,28
negamax took: 110ms

(45:30) Tacheron joue : bMDbK,45,30
On joue : bADaA,45,30
negamax took: 94ms

(45:30) Tacheron joue : bKDbE,45,30
On joue : aADbAAbB,39,28
negamax took: 109ms

(45:30) Tacheron joue : dGDdD,45,30
On joue : bADaA,45,30
negamax took: 94ms

(45:30) Tacheron joue : hBDhN,45,30
On joue : aADbAAbB,39,28
negamax took: 109ms

(45:30) Tacheron joue : bEDaE,45,30
On joue : bADaA,45,30
negamax took: 94ms

(45:30) Tacheron joue : eMDeD,45,30
On joue : aADbAAbB,39,28
negamax took: 109ms

(45:30) Tacheron joue : aEDaK,45,30
On joue : bADaA,45,30
negamax took: 110ms

(45:30) Tacheron joue : nMDnG,45,30
On joue : aADbAAbB,39,28
negamax took: 93ms

(45:30) Tacheron joue : dDDdK,45,30
On joue : bADaA,45,30
negamax took: 110ms

(45:30) Tacheron joue : cCDcM,45,30
On joue : aADbAAbB,39,28
negamax took: 93ms

(45:30) Tacheron joue : nGDhG,45,30
On joue : bADaA,45,30
negamax took: 110ms

(45:30) Tacheron joue : hGDhE,45,30
On joue : aADbAAbB,39,28
negamax took: 94ms

(45:30) Tacheron joue : dKDgK,45,30
On joue : bADaA,45,30
negamax took: 109ms

(45:30) Tacheron joue : cMDhM,45,30
On joue : aADbAAbB,39,28
negamax took: 94ms

(45:30) Tacheron joue : bBDgB,45,30
On joue : bADaA,45,30
negamax took: 109ms

(45:30) Tacheron joue : hEDcE,45,30
On joue : aADbA,45,30
negamax took: 94ms

(45:30) Tacheron joue : aJDaE,45,30
On joue : bADaA,45,30
negamax took: 94ms

(45:30) Tacheron joue : hMDhB,45,30
On joue : aADbA,45,30
negamax took: 109ms

(45:30) Tacheron joue : hNDdN,45,30
On joue : bADaA,45,30
negamax took: 94ms

(45:30) Tacheron joue : gKDiK,45,30
On joue : aADbA,45,30
negamax took: 109ms

(45:30) Tacheron joue : aEDiE,45,30
On joue : bADaA,45,30
negamax took: 94ms

(45:30) Tacheron joue : cEDeE,45,30
On joue : aADbA,45,30
negamax took: 109ms

(45:30) Tacheron joue : eEDeB,45,30
On joue : bADaA,45,30
negamax took: 110ms

(45:30) Tacheron joue : eDDlD,45,30
On joue : aADbA,45,30
negamax took: 109ms

(45:30) Tacheron joue : lDDbD,45,30
On joue : bADaA,45,30
negamax took: 109ms

(45:30) Tacheron joue : eBDaB,45,30
On joue : aADbA,45,30
negamax took: 94ms

(45:30) Tacheron joue : iKDiC,45,30
On joue : bADaAAaB,39,27
negamax took: 109ms

(45:30) Tacheron joue : dNDcN,45,30
On joue : aADbA,45,30
negamax took: 94ms

(45:30) Tacheron joue : iCDeC,45,30
On joue : bADaAAaB,39,27
negamax took: 110ms

(45:30) Tacheron joue : eCDgCAhC,43,27
On joue : aADbA,43,27
negamax took: 93ms

(43:27) Tacheron joue : hBDhDAhC,41,22
On joue : bADaAAaB,35,19
negamax took: 94ms

(41:22) Tacheron joue : bDDnD,41,22
On joue : aADbA,41,22
negamax took: 94ms

(41:22) Tacheron joue : gBDgE,41,22
On joue : bADaAAaB,35,19
negamax took: 94ms

(41:22) Tacheron joue : aKDaI,41,22
On joue : aADbA,41,22
negamax took: 93ms

(41:22) Tacheron joue : aIDjI,41,22
On joue : bADaAAaB,35,19
negamax took: 94ms

(41:22) Tacheron joue : hDDbD,41,22
On joue : aADbA,41,22
negamax took: 94ms

(41:22) Tacheron joue : gEDgG,41,22
On joue : bADaAAaB,35,19
negamax took: 94ms

(41:22) Tacheron joue : jIDjF,41,22
On joue : aADbA,41,22
negamax took: 93ms

(41:22) Tacheron joue : gGDcG,41,22
On joue : bADaAAaB,35,19
negamax took: 94ms

(41:22) Tacheron joue : nDDnB,41,22
On joue : aADbA,41,22
negamax took: 78ms

(41:22) Tacheron joue : iEDiB,41,22
On joue : bADaAAaB,35,19
negamax took: 110ms

(41:22) Tacheron joue : bDDcD,41,22
On joue : aADbA,41,22
negamax took: 78ms

(41:22) Tacheron joue : aBDaF,41,22
On joue : bADaA,41,22
negamax took: 94ms

(41:22) Tacheron joue : aFDaG,41,22
On joue : aADbA,41,22
negamax took: 93ms

(41:22) Tacheron joue : cNDaN,41,22
On joue : bADaA,41,22
negamax took: 94ms

(41:22) Tacheron joue : aNDfN,41,22
On joue : aADbA,41,22
negamax took: 94ms

(41:22) Tacheron joue : cDDnD,41,22
On joue : bADaA,41,22
negamax took: 109ms

(41:22) Tacheron joue : aGDaI,41,22
On joue : aADbA,41,22
negamax took: 94ms

(41:22) Tacheron joue : nBDnJ,41,22
On joue : bADaA,41,22
negamax took: 78ms

(41:22) Tacheron joue : aIDgI,41,22
On joue : aADbA,41,22
negamax took: 78ms

(41:22) Tacheron joue : gIDgN,41,22
On joue : bADaA,41,22
negamax took: 94ms

(41:22) Tacheron joue : iBDnB,41,22
On joue : aADbA,41,22
negamax took: 93ms

(41:22) Tacheron joue : nDDlD,41,22
On joue : bADaA,41,22
negamax took: 94ms

(41:22) Tacheron joue : gNDmN,41,22
On joue : aADbA,41,22
negamax took: 94ms

(41:22) Tacheron joue : cGDgG,41,22
On joue : bADaA,41,22
negamax took: 94ms

(41:22) Tacheron joue : nBDnAAmA,41,21
On joue : aADbA,41,21
negamax took: 62ms

(41:21) Tacheron joue : gGDbG,41,21
On joue : bADaA,41,21
negamax took: 78ms

(41:21) Tacheron joue : lDDcD,41,21
On joue : aADbA,41,21
negamax took: 63ms

(41:21) Tacheron joue : nADnB,41,21
On joue : bADaA,41,21
negamax took: 78ms

(41:21) Tacheron joue : nBDnN,41,21
On joue : aADbA,41,21
negamax took: 79ms

(41:21) Tacheron joue : fNDjN,41,21
On joue : bADaA,41,21
negamax took: 62ms

(41:21) Tacheron joue : cDDcN,41,21
On joue : aADbA,41,21
negamax took: 63ms

(41:21) Tacheron joue : nJDnA,41,21
On joue : bADaA,41,21
negamax took: 78ms

(41:21) Tacheron joue : cNDcB,41,21
On joue : aADbA,41,21
negamax took: 62ms

(41:21) Tacheron joue : jFDhF,41,21
On joue : bADaA,41,21
negamax took: 78ms

(41:21) Tacheron joue : jNDjG,41,21
On joue : aADbA,41,21
negamax took: 63ms

(41:21) Tacheron joue : bGDbBAbA,37,17
On joue : bADaA,37,17
negamax took: 78ms

(37:17) Tacheron joue : bBDbC,37,17
On joue : aADbA,37,17
negamax took: 62ms

(37:17) Tacheron joue : jGDjF,37,17
On joue : bADaA,37,17
negamax took: 79ms

(37:17) Tacheron joue : mNDlN,37,17
On joue : aADbA,37,17
negamax took: 78ms

(37:17) Tacheron joue : nNDhN,37,17
On joue : bADaA,37,17
negamax took: 62ms

(37:17) Tacheron joue : lNDlJ,37,17
On joue : aADbA,37,17
negamax took: 78ms

(37:17) Tacheron joue : cBDcJ,37,17
On joue : bADaA,37,17
negamax took: 63ms

(37:17) Tacheron joue : hFDkF,37,17
On joue : aADbA,37,17
negamax took: 78ms

(37:17) Tacheron joue : jFDbF,37,17
On joue : bADaA,37,17
negamax took: 62ms

(37:17) Tacheron joue : bCDbI,37,17
On joue : aADbA,37,17
negamax took: 79ms

(37:17) Tacheron joue : nADnL,37,17
On joue : bADaA,37,17
negamax took: 62ms

(37:17) Tacheron joue : lJDlK,37,17
On joue : aADbA,37,17
negamax took: 78ms

(37:17) Tacheron joue : nLDnG,37,17
On joue : bADaA,37,17
negamax took: 78ms

(37:17) Tacheron joue : nGDnG,37,17
On joue : aADbA,37,17
negamax took: 63ms

(37:17) Tacheron joue : bIDdI,37,17
On joue : bADaA,37,17
negamax took: 78ms

(37:17) Tacheron joue : nGDnD,37,17
On joue : aADbA,37,17
negamax took: 62ms

(37:17) Tacheron joue : dIDgI,37,17
On joue : bADaA,37,17
negamax took: 63ms

(37:17) Tacheron joue : cJDcB,37,17
On joue : aADbA,37,17
negamax took: 78ms

(37:17) Tacheron joue : gIDfI,37,17
On joue : bADaA,37,17
negamax took: 78ms

(37:17) Tacheron joue : nDDnA,37,17
On joue : aADbA,37,17
negamax took: 78ms

(37:17) Tacheron joue : lKDfK,37,17
On joue : bADaA,37,17
negamax took: 78ms

(37:17) Tacheron joue : cBDbB,37,17
On joue : aADbAAbB,33,15
negamax took: 78ms

(37:17) Tacheron joue : fKDmK,37,17
On joue : bADaA,37,17
negamax took: 78ms

(37:17) Tacheron joue : nADnG,37,17
On joue : aADbAAbB,33,15
negamax took: 79ms

(37:17) Tacheron joue : fIDfA,37,17
On joue : bADaA,37,17
negamax took: 78ms

(37:17) Tacheron joue : bBDbAAaA,35,13
On joue : aADcAAbA,33,12
negamax took: 78ms

(35:13) Tacheron joue : bADbM,35,13
On joue : cADbA,35,13
negamax took: 78ms

(35:13) Tacheron joue : bFDbJ,35,13
On joue : bADaA,35,13
negamax took: 78ms

(35:13) Tacheron joue : nGDnF,35,13
On joue : aADbA,35,13
negamax took: 78ms

(35:13) Tacheron joue : fADcA,35,13
On joue : bADaA,35,13
negamax took: 78ms

(35:13) Tacheron joue : mKDmD,35,13
On joue : aADbAAcA,33,12
negamax took: 78ms

(35:13) Tacheron joue : mDDmG,35,13
On joue : bADaA,35,13
negamax took: 78ms

(35:13) Tacheron joue : nFDgF,35,13
On joue : aADbAAcA,33,12
negamax took: 110ms

(35:13) Tacheron joue : gFDaF,35,13
On joue : bADaA,35,13
negamax took: 78ms

(35:13) Tacheron joue : bJDcJ,35,13
On joue : aADbAAcA,33,12
negamax took: 78ms

(35:13) Tacheron joue : hNDeN,35,13
On joue : bADaA,35,13
negamax took: 62ms

(35:13) Tacheron joue : cJDcK,35,13
On joue : aADbAAcA,33,12
negamax took: 78ms

(35:13) Tacheron joue : cKDcN,35,13
On joue : bADaA,35,13
negamax took: 79ms

(35:13) Tacheron joue : eNDeG,35,13
On joue : aADbAAcA,33,12
negamax took: 62ms

(35:13) Tacheron joue : aFDaF,35,13
On joue : bADaA,35,13
negamax took: 78ms

(35:13) Tacheron joue : eGDeA,35,13
On joue : aADbAAcA,33,12
negamax took: 94ms

(35:13) Tacheron joue : kFDdF,35,13
On joue : bADaA,35,13
negamax took: 62ms

(35:13) Tacheron joue : aFDiF,35,13
On joue : aADbAAcA,33,12
negamax took: 79ms

(35:13) Tacheron joue : eADhA,35,13
On joue : bADaA,35,13
negamax took: 78ms

(35:13) Tacheron joue : dFDdJ,35,13
On joue : aADbAAcA,33,12
negamax took: 62ms

(35:13) Tacheron joue : cNDgN,35,13
On joue : bADaA,35,13
negamax took: 78ms

(35:13) Tacheron joue : bMDbJ,35,13
On joue : aADbAAcA,33,12
negamax took: 78ms

(35:13) Tacheron joue : hADhE,35,13
On joue : bADaA,35,13
negamax took: 63ms

(35:13) Tacheron joue : hEDhN,35,13
On joue : aADbAAcA,33,12
negamax took: 78ms

(35:13) Tacheron joue : mGDmLAlL,34,11
On joue : bADaA,34,11
negamax took: 47ms

(34:11) Tacheron joue : iFDlF,34,11
On joue : aADbAAcA,32,10
negamax took: 62ms

(34:11) Tacheron joue : gNDgG,34,11
On joue : bADaA,34,11
negamax took: 47ms

(34:11) Tacheron joue : bJDgJ,34,11
On joue : aADbAAcA,32,10
negamax took: 63ms

(34:11) Tacheron joue : gGDdG,34,11
On joue : bADaA,34,11
negamax took: 47ms

(34:11) Tacheron joue : hNDhE,34,11
On joue : aADbAAcA,32,10
negamax took: 47ms

(34:11) Tacheron joue : dGDdG,34,11
On joue : bADaA,34,11
negamax took: 62ms

(34:11) Tacheron joue : lFDlF,34,11
On joue : aADbAAcA,32,10
negamax took: 47ms

(34:11) Tacheron joue : cADkA,34,11
On joue : bADaA,34,11
negamax took: 62ms

(34:11) Tacheron joue : dGDcG,34,11
On joue : aADbA,34,11
negamax took: 47ms

(34:11) Tacheron joue : lFDlJ,34,11
On joue : bADaA,34,11
negamax took: 47ms

(34:11) Tacheron joue : mLDmF,34,11
On joue : aADbA,34,11
negamax took: 63ms

(34:11) Tacheron joue : gJDgF,34,11
On joue : bADaA,34,11
negamax took: 47ms

(34:11) Tacheron joue : lJDlN,34,11
On joue : aADbA,34,11
negamax took: 62ms

(34:11) Tacheron joue : cGDkG,34,11
On joue : bADaA,34,11
negamax took: 47ms

(34:11) Tacheron joue : kGDkB,34,11
On joue : aADbA,34,11
negamax took: 62ms

(34:11) Tacheron joue : kADmA,34,11
On joue : bADaA,34,11
negamax took: 63ms

(34:11) Tacheron joue : hEDlE,34,11
On joue : aADbA,34,11
negamax took: 62ms

(34:11) Tacheron joue : dJDmJ,34,11
On joue : bADaA,34,11
negamax took: 47ms

(34:11) Tacheron joue : mADmH,34,11
On joue : aADbA,34,11
negamax took: 47ms

(34:11) Tacheron joue : gFDgL,34,11
On joue : bADaA,34,11
negamax took: 62ms

(34:11) Tacheron joue : mFDfF,34,11
On joue : aADbA,34,11
negamax took: 47ms

(34:11) Tacheron joue : mHDmC,34,11
On joue : bADaA,34,11
negamax took: 63ms

(34:11) Tacheron joue : lEDcE,34,11
On joue : aADbA,34,11
negamax took: 47ms

(34:11) Tacheron joue : gLDgE,34,11
On joue : bADaA,34,11
negamax took: 62ms

(34:11) Tacheron joue : cEDcI,34,11
On joue : aADbA,34,11
negamax took: 47ms

(34:11) Tacheron joue : mJDeJ,34,11
On joue : bADaA,34,11
negamax took: 62ms

(34:11) Tacheron joue : fFDgF,34,11
On joue : aADbA,34,11
negamax took: 47ms

(34:11) Tacheron joue : eJDeI,34,11
On joue : bADaA,34,11
negamax took: 63ms

(34:11) Tacheron joue : eIDiI,34,11
On joue : aADbA,34,11
negamax took: 47ms

(34:11) Tacheron joue : iIDiH,34,11
On joue : bADaA,34,11
negamax took: 47ms

(34:11) Tacheron joue : kBDkH,34,11
On joue : aADbA,34,11
negamax took: 47ms

(34:11) Tacheron joue : kHDkC,34,11
On joue : bADaA,34,11
negamax took: 63ms

(34:11) Tacheron joue : gFDgG,34,11
On joue : aADbA,34,11
negamax took: 62ms

(34:11) Tacheron joue : iHDjH,34,11
On joue : bADaA,34,11
negamax took: 47ms

(34:11) Tacheron joue : jHDlH,34,11
On joue : aADbA,34,11
negamax took: 63ms

(34:11) Tacheron joue : mCDcC,34,11
On joue : bADaA,34,11
negamax took: 46ms

(34:11) Tacheron joue : lHDjH,34,11
On joue : aADbA,34,11
negamax took: 47ms

(34:11) Tacheron joue : jHDjM,34,11
On joue : bADaA,34,11
negamax took: 63ms

(34:11) Tacheron joue : cIDfI,34,11
On joue : aADbA,34,11
negamax took: 47ms

(34:11) Tacheron joue : kCDkC,34,11
On joue : bADaA,34,11
negamax took: 47ms

(34:11) Tacheron joue : gGDgH,34,11
On joue : aADbA,34,11
negamax took: 47ms

(34:11) Tacheron joue : kCDgC,34,11
On joue : bADaA,34,11
negamax took: 47ms

(34:11) Tacheron joue : cCDeC,34,11
On joue : aADbA,34,11
negamax took: 47ms

(34:11) Tacheron joue : jMDjL,34,11
On joue : bADaA,34,11
negamax took: 62ms

(34:11) Tacheron joue : eCDiCAhC,34,10
On joue : aADbA,34,10
negamax took: 32ms

(34:10) Tacheron joue : gHDeH,34,10
On joue : bADaA,34,10
negamax took: 31ms

(34:10) Tacheron joue : gEDgM,34,10
On joue : aADbA,34,10
negamax took: 31ms

(34:10) Tacheron joue : gCDgC,34,10
On joue : bADaA,34,10
negamax took: 31ms

(34:10) Tacheron joue : gMDgB,34,10
On joue : aADbA,34,10
negamax took: 32ms

(34:10) Tacheron joue : gCDdC,34,10
On joue : bADaA,34,10
negamax took: 31ms

(34:10) Tacheron joue : gBDaBAaA,34,9
On joue : nEDmE,34,9
negamax took: 15ms

(34:9) Tacheron joue : dCDeC,34,9
On joue : mEDlE,34,9
negamax took: 32ms

(34:9) Tacheron joue : aBDaG,34,9
On joue : lEDkE,34,9
negamax took: 15ms

(34:9) Tacheron joue : aGDgG,34,9
On joue : kEDjE,34,9
negamax took: 16ms

(34:9) Tacheron joue : jLDjJ,34,9
On joue : jEDiE,34,9
negamax took: 16ms

(34:9) Tacheron joue : fIDdI,34,9
On joue : iEDhE,34,9
negamax took: 15ms

(34:9) Tacheron joue : gGDkG,34,9
On joue : hEDgE,34,9
negamax took: 16ms

(34:9) Tacheron joue : iCDmC,34,9
On joue : gEDfE,34,9
negamax took: 15ms

(34:9) Tacheron joue : eCDeG,34,9
On joue : fEDeE,34,9
negamax took: 16ms

(34:9) Tacheron joue : kGDaG,34,9
On joue : eEDdE,34,9
negamax took: 16ms

(34:9) Tacheron joue : mCDeC,34,9
On joue : dEDcE,34,9
negamax took: 31ms

(34:9) Tacheron joue : dIDdN,34,9
On joue : cEDbE,34,9
negamax took: 16ms

(34:9) Tacheron joue : dNDmN,34,9
On joue : bEDaE,34,9
negamax took: 15ms

(34:9) Tacheron joue : jJDnJ,34,9
On joue : aEDbE,34,9
negamax took: 16ms

(34:9) Tacheron joue : lNDlL,34,9
On joue : bEDaE,34,9
negamax took: 15ms

(34:9) Tacheron joue : eGDfG,34,9
On joue : aEDbE,34,9
negamax took: 16ms

(34:9) Tacheron joue : fGDbG,34,9
On joue : bEDaE,34,9
negamax took: 16ms

(34:9) Tacheron joue : eHDeN,34,9
On joue : aEDbE,34,9
negamax took: 15ms

(34:9) Tacheron joue : nJDnN,34,9
On joue : bEDaE,34,9
negamax took: 16ms

(34:9) Tacheron joue : nNDnF,34,9
On joue : aEDbE,34,9
negamax took: 16ms

(34:9) Tacheron joue : eNDeJ,34,9
On joue : bEDaE,34,9
negamax took: 31ms

(34:9) Tacheron joue : mNDmN,34,9
On joue : aEDbE,34,9
negamax took: 15ms

(34:9) Tacheron joue : bGDbG,34,9
On joue : bEDaE,34,9
negamax took: 16ms

(34:9) Tacheron joue : nFDjF,34,9
On joue : aEDbE,34,9
negamax took: 16ms

(34:9) Tacheron joue : mNDgN,34,9
On joue : bEDaE,34,9
negamax took: 15ms

(34:9) Tacheron joue : eCDeM,34,9
On joue : aEDbE,34,9
negamax took: 16ms

(34:9) Tacheron joue : bGDnG,34,9
On joue : bEDaE,34,9
negamax took: 16ms

(34:9) Tacheron joue : lLDlJ,34,9
On joue : aEDbE,34,9
negamax took: 15ms

(34:9) Tacheron joue : jFDaF,34,9
On joue : bEDaEAaF,30,7
negamax took: 16ms

(34:9) Tacheron joue : eJDeG,34,9
On joue : aEDbE,34,9
negamax took: 31ms

(34:9) Tacheron joue : gNDgA,34,9
On joue : bEDaEAaF,30,7
negamax took: 16ms

(34:9) Tacheron joue : eGDbG,34,9
On joue : aEDbE,34,9
negamax took: 15ms

(34:9) Tacheron joue : nGDnB,34,9
On joue : bEDaEAaF,30,7
negamax took: 16ms

(34:9) Tacheron joue : lJDkJ,34,9
On joue : aEDbE,34,9
negamax took: 31ms

(34:9) Tacheron joue : aGDaI,34,9
On joue : bEDaEAaF,30,7
negamax took: 16ms

(34:9) Tacheron joue : kJDkI,34,9
On joue : aEDbE,34,9
negamax took: 15ms

(34:9) Tacheron joue : eMDmM,34,9
On joue : bEDaEAaF,30,7
negamax took: 16ms

(34:9) Tacheron joue : gADgN,34,9
On joue : aEDbE,34,9
negamax took: 16ms

(34:9) Tacheron joue : aIDhI,34,9
On joue : bEDaEAaF,30,7
negamax took: 31ms

(34:9) Tacheron joue : nBDgB,34,9
On joue : aEDbE,34,9
negamax took: 16ms

(34:9) Tacheron joue : mMDjM,34,9
On joue : bEDaEAaF,30,7
negamax took: 15ms

(34:9) Tacheron joue : aFDmF,34,9
On joue : aEDbE,34,9
negamax took: 16ms

(34:9) Tacheron joue : bGDaG,34,9
On joue : bEDaE,34,9
negamax took: 15ms

(34:9) Tacheron joue : gBDdB,34,9
On joue : aEDbE,34,9
negamax took: 16ms

(34:9) Tacheron joue : jMDlM,34,9
On joue : bEDaE,34,9
negamax took: 16ms

(34:9) Tacheron joue : kIDkF,34,9
On joue : aEDbE,34,9
negamax took: 31ms

(34:9) Tacheron joue : hIDhJ,34,9
On joue : bEDaE,34,9
negamax took: 16ms

(34:9) Tacheron joue : lMDaM,34,9
On joue : aEDbE,34,9
negamax took: 15ms

(34:9) Tacheron joue : mFDmL,34,9
On joue : bEDaE,34,9
negamax took: 16ms

(34:9) Tacheron joue : gNDeN,34,9
On joue : aEDbE,34,9
negamax took: 15ms

(34:9) Tacheron joue : aMDaH,34,9
On joue : bEDaE,34,9
negamax took: 32ms

(34:9) Tacheron joue : aHDaK,34,9
On joue : aEDbE,34,9
negamax took: 15ms

(34:9) Tacheron joue : aKDaH,34,9
On joue : bEDaE,34,9
negamax took: 16ms

(34:9) Tacheron joue : dBDmB,34,9
On joue : aEDbE,34,9
negamax took: 16ms

(34:9) Tacheron joue : eNDeJ,34,9
On joue : bEDaE,34,9
negamax took: 15ms

(34:9) Tacheron joue : aGDaL,34,9
On joue : aEDbE,34,9
negamax took: 31ms

(34:9) Tacheron joue : mLDmF,34,9
On joue : bEDaE,34,9
negamax took: 16ms

(34:9) Tacheron joue : mFDmC,34,9
On joue : aEDbE,34,9
negamax took: 16ms

(34:9) Tacheron joue : hJDhK,34,9
On joue : bEDaE,34,9
negamax took: 15ms

(34:9) Tacheron joue : eJDmJ,34,9
On joue : aEDbE,34,9
negamax took: 16ms

(34:9) Tacheron joue : aLDaE,34,9
On joue : bEDcE,34,9
negamax took: 16ms

(34:9) Tacheron joue : mBDmA,34,9
On joue : cEDbEAaE,28,7
negamax took: 15ms

(34:9) Tacheron joue : mJDmI,34,9
On joue : bEDcE,34,9
negamax took: 31ms

(34:9) Tacheron joue : aEDeE,34,9
On joue : cEDbE,34,9
negamax took: 16ms

(34:9) Tacheron joue : mIDmL,34,9
On joue : bEDaE,34,9
negamax took: 16ms

(34:9) Tacheron joue : hKDcK,34,9
On joue : aEDbE,34,9
negamax took: 15ms

(34:9) Tacheron joue : aHDaI,34,9
On joue : bEDaE,34,9
negamax took: 16ms

(34:9) Tacheron joue : cKDcL,34,9
On joue : aEDbE,34,9
negamax took: 16ms

(34:9) Tacheron joue : aIDkI,34,9
On joue : bEDaE,34,9
negamax took: 15ms

(34:9) Tacheron joue : mCDmE,34,9
On joue : aEDbE,34,9
negamax took: 31ms

(34:9) Tacheron joue : kIDmI,34,9
On joue : bEDaE,34,9
negamax took: 16ms

(34:9) Tacheron joue : mLDmC,34,9
On joue : aEDbE,34,9
negamax took: 16ms

(34:9) Tacheron joue : kFDlF,34,9
On joue : bEDaE,34,9
negamax took: 15ms

(34:9) Tacheron joue : eEDgE,34,9
On joue : aEDbE,34,9
negamax took: 16ms

(34:9) Tacheron joue : mCDbC,34,9
On joue : bEDaE,34,9
negamax took: 16ms

(34:9) Tacheron joue : mIDhI,34,9
On joue : aEDbE,34,9
negamax took: 31ms

(34:9) Tacheron joue : cLDcC,34,9
On joue : bEDaE,34,9
negamax took: 15ms

(34:9) Tacheron joue : bCDbH,34,9
On joue : aEDbE,34,9
negamax took: 16ms

(34:9) Tacheron joue : bHDmH,34,9
On joue : bEDaE,34,9
negamax took: 16ms

(34:9) Tacheron joue : hIDhK,34,9
On joue : aEDbE,34,9
negamax took: 15ms

(34:9) Tacheron joue : cCDhC,34,9
On joue : bEDaE,34,9
negamax took: 32ms

(34:9) Tacheron joue : hKDfK,34,9
On joue : aEDbE,34,9
negamax took: 15ms

(34:9) Tacheron joue : mADmB,34,9
On joue : bEDaE,34,9
negamax took: 16ms

(34:9) Tacheron joue : lFDlK,34,9
On joue : aEDbE,34,9
negamax took: 15ms

(34:9) Tacheron joue : hCDhJ,34,9
On joue : bEDaE,34,9
negamax took: 16ms

(34:9) Tacheron joue : fKDfJ,34,9
On joue : aEDbE,34,9
negamax took: 16ms

(34:9) Tacheron joue : mHDmI,34,9
On joue : bEDaE,34,9
negamax took: 15ms

(34:9) Tacheron joue : mIDmJ,34,9
On joue : aEDbE,34,9
negamax took: 16ms

(34:9) Tacheron joue : hJDhH,34,9
On joue : bEDaE,34,9
negamax took: 16ms

(34:9) Tacheron joue : mEDlE,34,9
On joue : aEDbE,34,9
negamax took: 31ms

(34:9) Tacheron joue : fJDfC,34,9
On joue : bEDaE,34,9
negamax took: 15ms

(34:9) Tacheron joue : lEDlL,34,9
On joue : aEDbE,34,9
negamax took: 16ms

(34:9) Tacheron joue : lLDlL,34,9
On joue : bEDaE,34,9
negamax took: 16ms

(34:9) Tacheron joue : gEDlE,34,9
On joue : aEDbE,34,9
negamax took: 15ms

(34:9) Tacheron joue : hHDhL,34,9
On joue : bEDaE,34,9
negamax took: 16ms

(34:9) Tacheron joue : hLDeL,34,9
On joue : aEDbE,34,9
negamax took: 16ms

(34:9) Tacheron joue : eLDeE,34,9
On joue : bEDaE,34,9
negamax took: 15ms

(34:9) Tacheron joue : eEDeI,34,9
On joue : aEDbE,34,9
negamax took: 31ms

(34:9) Tacheron joue : fCDfB,34,9
On joue : bEDaE,34,9
negamax took: 16ms

(34:9) Tacheron joue : eIDjI,34,9
On joue : aEDbE,34,9
negamax took: 16ms

(34:9) Tacheron joue : lKDlI,34,9
On joue : bEDaE,34,9
negamax took: 15ms

(34:9) Tacheron joue : mBDiB,34,9
On joue : aEDbE,34,9
negamax took: 16ms

(34:9) Tacheron joue : mJDmJ,34,9
On joue : bEDaE,34,9
negamax took: 16ms

(34:9) Tacheron joue : jIDaI,34,9
On joue : aEDbE,34,9
negamax took: 15ms

(34:9) Tacheron joue : lLDnL,34,9
On joue : bEDaE,34,9
negamax took: 16ms

(34:9) Tacheron joue : lEDlL,34,9
On joue : aEDbE,34,9
negamax took: 15ms

(34:9) Tacheron joue : mJDmD,34,9
On joue : bEDaE,34,9
negamax took: 32ms

(34:9) Tacheron joue : fBDfE,34,9
On joue : aEDbE,34,9
negamax took: 15ms

(34:9) Tacheron joue : lIDcI,34,9
On joue : bEDaE,34,9
negamax took: 16ms

(34:9) Tacheron joue : iBDdB,34,9
On joue : aEDbE,34,9
negamax took: 16ms

(34:9) Tacheron joue : dBDdD,34,9
On joue : bEDaE,34,9
negamax took: 15ms

(34:9) Tacheron joue : lLDkL,34,9
On joue : aEDbE,34,9
negamax took: 31ms

(34:9) Tacheron joue : dDDhD,34,9
On joue : bEDaE,34,9
negamax took: 16ms

(34:9) Tacheron joue : fEDnE,34,9
On joue : aEDbE,34,9
negamax took: 16ms

(34:9) Tacheron joue : cIDmI,34,9
On joue : bEDaE,34,9
negamax took: 15ms

(34:9) Tacheron joue : hDDhC,34,9
On joue : aEDbE,34,9
negamax took: 16ms

(34:9) Tacheron joue : nLDnK,34,9
On joue : bEDaE,34,9
negamax took: 16ms

(34:9) Tacheron joue : aIDhI,34,9
On joue : aEDbE,34,9
negamax took: 15ms

(34:9) Tacheron joue : hIDhL,34,9
On joue : bEDaE,34,9
negamax took: 16ms

(34:9) Tacheron joue : hCDhH,34,9
On joue : aEDbE,34,9
negamax took: 31ms

(34:9) Tacheron joue : nKDaK,34,9
On joue : bEDaE,34,9
negamax took: 16ms

(34:9) Tacheron joue : kLDnL,34,9
On joue : aEDbE,34,9
negamax took: 15ms

(34:9) Tacheron joue : hHDgH,34,9
On joue : bEDaE,34,9
negamax took: 16ms

(34:9) Tacheron joue : nLDnI,34,9
On joue : aEDbE,34,9
negamax took: 16ms

(34:9) Tacheron joue : nEDnA,34,9
On joue : bEDaE,34,9
negamax took: 31ms

(34:9) Tacheron joue : gHDcH,34,9
On joue : aEDbE,34,9
negamax took: 15ms

(34:9) Tacheron joue : aKDaD,34,9
On joue : bEDaEAaD,30,7
negamax took: 16ms

(34:9) Tacheron joue : cHDcG,34,9
On joue : aEDbE,34,9
negamax took: 16ms

(34:9) Tacheron joue : nIDnC,34,9
On joue : bEDaEAaD,30,7
negamax took: 15ms

(34:9) Tacheron joue : aDDaH,34,9
On joue : aEDbE,34,9
negamax took: 16ms

(34:9) Tacheron joue : nADbA,34,9
On joue : bEDaE,34,9
negamax took: 16ms

(34:9) Tacheron joue : aHDiH,34,9
On joue : aEDbE,34,9
negamax took: 31ms

(34:9) Tacheron joue : iHDiB,34,9
On joue : bEDaE,34,9
negamax took: 15ms

(34:9) Tacheron joue : mDDaD,34,9
On joue : aEDbE,34,9
negamax took: 16ms

(34:9) Tacheron joue : bADbL,34,9
On joue : bEDaEAaD,30,7
negamax took: 16ms

(34:9) Tacheron joue : bLDdL,34,9
On joue : aEDbE,34,9
negamax took: 15ms

(34:9) Tacheron joue : iBDlB,34,9
On joue : bEDaEAaD,30,7
negamax took: 32ms

(34:9) Tacheron joue : nCDnL,34,9
On joue : aEDbE,34,9
negamax took: 15ms

(34:9) Tacheron joue : mIDgI,34,9
On joue : bEDaEAaD,30,7
negamax took: 16ms

(34:9) Tacheron joue : gIDgH,34,9
On joue : aEDbE,34,9
negamax took: 15ms

(34:9) Tacheron joue : cGDaG,34,9
On joue : bEDaEAaD,30,7
negamax took: 16ms

(34:9) Tacheron joue : aGDcG,34,9
On joue : aEDbE,34,9
negamax took: 16ms

(34:9) Tacheron joue : nLDaL,34,9
On joue : bEDaEAaD,30,7
negamax took: 31ms

(34:9) Tacheron joue : cGDeG,34,9
On joue : aEDbE,34,9
negamax took: 16ms

(34:9) Tacheron joue : dLDdJ,34,9
On joue : bEDaEAaD,30,7
negamax took: 15ms

(34:9) Tacheron joue : lBDbB,34,9
On joue : aEDbE,34,9
negamax took: 16ms

(34:9) Tacheron joue : bBDbA,34,9
On joue : bEDaEAaD,30,7
negamax took: 15ms

(34:9) Tacheron joue : bADnA,34,9
On joue : aEDbE,34,9
negamax took: 16ms

(34:9) Tacheron joue : aDDlD,34,9
On joue : bEDaE,34,9
negamax took: 16ms

(34:9) Tacheron joue : gHDgD,34,9
On joue : aEDbE,34,9
negamax took: 31ms

(34:9) Tacheron joue : hLDhE,34,9
On joue : bEDaE,34,9
negamax took: 16ms

(34:9) Tacheron joue : hEDhJ,34,9
On joue : aEDbE,34,9
negamax took: 15ms

(34:9) Tacheron joue : lDDlD,34,9
On joue : bEDaE,34,9
negamax took: 16ms

(34:9) Tacheron joue : gDDbD,34,9
On joue : aEDbEAbD,28,5
negamax took: 15ms

(34:9) Tacheron joue : bDDbA,34,9
On joue : bEDaE,34,9
negamax took: 32ms

(34:9) Tacheron joue : dJDkJ,34,9
On joue : aEDbE,34,9
negamax took: 15ms

(34:9) Tacheron joue : bADbDAbE,30,3
On joue : bEDaE,30,3
negamax took: 16ms

(30:3) Tacheron joue : hJDhE,30,3
On joue : aEDbEAbD,27,1
negamax took: 16ms

(30:3) Tacheron joue : eGDeG,30,3
On joue : bEDaE,30,3
negamax took: 15ms

(30:3) Tacheron joue : bDDaD,30,3
On joue : aEDbE,30,3
negamax took: 31ms

(30:3) Tacheron joue : nADfA,30,3
On joue : bEDaEAaD,27,1
negamax took: 16ms

(30:3) Tacheron joue : aDDkD,30,3
On joue : aEDbE,30,3
negamax took: 16ms

(30:3) Tacheron joue : hEDkE,30,3
On joue : bEDaE,30,3
negamax took: 15ms

(30:3) Tacheron joue : aLDaC,30,3
On joue : aEDbE,30,3
negamax took: 16ms

(30:3) Tacheron joue : fADfB,30,3
On joue : bEDaE,30,3
negamax took: 31ms

(30:3) Tacheron joue : kEDeE,30,3
On joue : aEDbE,30,3
negamax took: 16ms

(30:3) Tacheron joue : eGDnG,30,3
On joue : bEDaE,30,3
negamax took: 15ms

(30:3) Tacheron joue : kJDmJ,30,3
On joue : aEDbE,30,3
negamax took: 16ms

(30:3) Tacheron joue : aCDaL,30,3
On joue : bEDaE,30,3
negamax took: 16ms

(30:3) Tacheron joue : nGDnC,30,3
On joue : aEDbE,30,3
negamax took: 31ms

(30:3) Tacheron joue : lDDlN,30,3
On joue : bEDaE,30,3
negamax took: 16ms

(30:3) Tacheron joue : kDDkN,30,3
On joue : aEDbE,30,3
negamax took: 15ms

(30:3) Tacheron joue : kNDhN,30,3
On joue : bEDaE,30,3
negamax took: 16ms

(30:3) Tacheron joue : nCDnG,30,3
On joue : aEDbE,30,3
negamax took: 15ms

(30:3) Tacheron joue : nGDnK,30,3
On joue : bEDaE,30,3
negamax took: 16ms

(30:3) Tacheron joue : hNDhH,30,3
On joue : aEDbE,30,3
negamax took: 31ms

(30:3) Tacheron joue : aLDcL,30,3
On joue : bEDaE,30,3
negamax took: 16ms

(30:3) Tacheron joue : eEDdE,30,3
On joue : aEDbE,30,3
negamax took: 16ms

(30:3) Tacheron joue : lNDiN,30,3
On joue : bEDaE,30,3
negamax took: 15ms

(30:3) Tacheron joue : nKDnL,30,3
On joue : aEDbE,30,3
negamax took: 16ms

(30:3) Tacheron joue : hHDhE,30,3
On joue : bEDaE,30,3
negamax took: 15ms

(30:3) Tacheron joue : mJDgJ,30,3
On joue : aEDbE,30,3
negamax took: 32ms

(30:3) Tacheron joue : iNDiJ,30,3
On joue : bEDaE,30,3
negamax took: 15ms

(30:3) Tacheron joue : hEDhE,30,3
On joue : aEDbE,30,3
negamax took: 16ms

(30:3) Tacheron joue : hEDaEAbE,29,0
]]></system-out>
  <system-err><![CDATA[]]></system-err>
</testsuite>
