<?xml version="1.0" encoding="UTF-8" ?>
<testsuite errors="0" failures="0" hostname="vdi-dev2-011" name="lowatem.IALowatemTest" skipped="0" tests="1" time="27.219" timestamp="2022-01-06T17:12:43">
  <properties>
[...]
</properties>
  <testcase classname="lowatem.IALowatemTest" name="testIA" time="27.063" />
  <system-out><![CDATA[On joue : bBDaB,61,61
negamax took: 328ms

(61:61) Tacheron joue : aHDaJ,61,61
On joue : aBDbBAcB,57,57
negamax took: 234ms

(61:61) Tacheron joue : cCDgC,61,61
On joue : bBDaB,61,61
negamax took: 266ms

(61:61) Tacheron joue : cBDmB,61,61
On joue : aBDbB,61,61
negamax took: 218ms

(61:61) Tacheron joue : nMDnDAnE,57,57
On joue : bBDaB,57,57
negamax took: 219ms

(57:57) Tacheron joue : kKDdK,57,57
On joue : aBDbB,57,57
negamax took: 188ms

(57:57) Tacheron joue : fLDfL,57,57
On joue : bBDaB,57,57
negamax took: 203ms

(57:57) Tacheron joue : fLDeL,57,57
On joue : aBDbB,57,57
negamax took: 219ms

(57:57) Tacheron joue : gCDgK,57,57
On joue : bBDaB,57,57
negamax took: 250ms

(57:57) Tacheron joue : mBDiB,57,57
On joue : aBDbB,57,57
negamax took: 203ms

(57:57) Tacheron joue : lMDlKAlL,55,51
On joue : bBDaB,55,51
negamax took: 172ms

(55:51) Tacheron joue : eLDgL,55,51
On joue : aBDbB,55,51
negamax took: 187ms

(55:51) Tacheron joue : iBDeB,55,51
On joue : bBDaB,55,51
negamax took: 188ms

(55:51) Tacheron joue : aJDaE,55,51
On joue : aBDbB,55,51
negamax took: 187ms

(55:51) Tacheron joue : eHDbH,55,51
On joue : bBDaB,55,51
negamax took: 203ms

(55:51) Tacheron joue : dKDdA,55,51
On joue : aBDbB,55,51
negamax took: 188ms

(55:51) Tacheron joue : aEDaB,55,51
On joue : bBDcB,55,51
negamax took: 203ms

(55:51) Tacheron joue : gLDgF,55,51
On joue : bFDaF,55,51
negamax took: 203ms

(55:51) Tacheron joue : bHDgH,55,51
On joue : aFDbF,55,51
negamax took: 203ms

(55:51) Tacheron joue : gHDnH,55,51
On joue : bFDaF,55,51
negamax took: 188ms

(55:51) Tacheron joue : lKDdK,55,51
On joue : aFDbF,55,51
negamax took: 187ms

(55:51) Tacheron joue : iHDiK,55,51
On joue : bFDaF,55,51
negamax took: 187ms

(55:51) Tacheron joue : dADiA,55,51
On joue : aFDbF,55,51
negamax took: 203ms

(55:51) Tacheron joue : gFDgJ,55,51
On joue : bFDaF,55,51
negamax took: 188ms

(55:51) Tacheron joue : iKDfK,55,51
On joue : aFDbF,55,51
negamax took: 187ms

(55:51) Tacheron joue : eBDkB,55,51
On joue : bFDaF,55,51
negamax took: 188ms

(55:51) Tacheron joue : iADbAAcA,51,47
On joue : aFDbF,51,47
negamax took: 187ms

(51:47) Tacheron joue : fKDkK,51,47
On joue : bFDaF,51,47
negamax took: 203ms

(51:47) Tacheron joue : gJDbJ,51,47
On joue : aFDbF,51,47
negamax took: 188ms

(51:47) Tacheron joue : bADbM,51,47
On joue : bFDaF,51,47
negamax took: 187ms

(51:47) Tacheron joue : gKDhK,51,47
On joue : aFDbF,51,47
negamax took: 204ms

(51:47) Tacheron joue : hKDhD,51,47
On joue : bFDaF,51,47
negamax took: 187ms

(51:47) Tacheron joue : bJDiJ,51,47
On joue : aFDbF,51,47
negamax took: 203ms

(51:47) Tacheron joue : kBDbBAcB,49,43
On joue : bFDaF,49,43
negamax took: 172ms

(49:43) Tacheron joue : kKDkA,49,43
On joue : aFDbF,49,43
negamax took: 172ms

(49:43) Tacheron joue : hDDhDAhC,45,39
On joue : bFDaF,45,39
negamax took: 156ms

(45:39) Tacheron joue : aBDaG,45,39
On joue : aFDbF,45,39
negamax took: 140ms

(45:39) Tacheron joue : nHDnH,45,39
On joue : bFDaFAaG,40,36
negamax took: 157ms

(45:39) Tacheron joue : aGDaL,45,39
On joue : aFDbF,45,39
negamax took: 156ms

(45:39) Tacheron joue : iJDfJ,45,39
On joue : bFDaF,45,39
negamax took: 156ms

(45:39) Tacheron joue : fJDaJ,45,39
On joue : aFDbF,45,39
negamax took: 156ms

(45:39) Tacheron joue : dKDdD,45,39
On joue : bFDaF,45,39
negamax took: 157ms

(45:39) Tacheron joue : bMDjM,45,39
On joue : aFDbF,45,39
negamax took: 156ms

(45:39) Tacheron joue : aJDaC,45,39
On joue : bFDaF,45,39
negamax took: 156ms

(45:39) Tacheron joue : aCDkC,45,39
On joue : aFDbF,45,39
negamax took: 156ms

(45:39) Tacheron joue : aLDaK,45,39
On joue : bFDaF,45,39
negamax took: 157ms

(45:39) Tacheron joue : bBDkB,45,39
On joue : aFDbF,45,39
negamax took: 140ms

(45:39) Tacheron joue : jMDjE,45,39
On joue : bFDaF,45,39
negamax took: 141ms

(45:39) Tacheron joue : kBDiB,45,39
On joue : aFDbF,45,39
negamax took: 156ms

(45:39) Tacheron joue : iBDbB,45,39
On joue : bFDaF,45,39
negamax took: 156ms

(45:39) Tacheron joue : jEDjNAkN,44,37
On joue : aFDbF,44,37
negamax took: 141ms

(44:37) Tacheron joue : kCDaC,44,37
On joue : bFDaF,44,37
negamax took: 125ms

(44:37) Tacheron joue : dDDdM,44,37
On joue : aFDbF,44,37
negamax took: 141ms

(44:37) Tacheron joue : aCDgC,44,37
On joue : bFDaF,44,37
negamax took: 140ms

(44:37) Tacheron joue : dMDdAAcA,42,32
On joue : aFDbF,42,32
negamax took: 110ms

(42:32) Tacheron joue : nHDnD,42,32
On joue : bFDaF,42,32
negamax took: 125ms

(42:32) Tacheron joue : kADkF,42,32
On joue : aFDbF,42,32
negamax took: 172ms

(42:32) Tacheron joue : aKDhK,42,32
On joue : bFDaF,42,32
negamax took: 140ms

(42:32) Tacheron joue : bBDbC,42,32
On joue : aFDbF,42,32
negamax took: 110ms

(42:32) Tacheron joue : hKDhL,42,32
On joue : bFDaF,42,32
negamax took: 125ms

(42:32) Tacheron joue : hLDcL,42,32
On joue : aFDbF,42,32
negamax took: 125ms

(42:32) Tacheron joue : gCDgCAhC,40,27
On joue : bFDaF,40,27
negamax took: 78ms

(40:27) Tacheron joue : cLDnL,40,27
On joue : aFDbF,40,27
negamax took: 93ms

(40:27) Tacheron joue : bCDcC,40,27
On joue : bFDaF,40,27
negamax took: 78ms

(40:27) Tacheron joue : kFDkJ,40,27
On joue : aFDbF,40,27
negamax took: 94ms

(40:27) Tacheron joue : nLDkL,40,27
On joue : bFDaF,40,27
negamax took: 94ms

(40:27) Tacheron joue : kLDkA,40,27
On joue : aFDbF,40,27
negamax took: 93ms

(40:27) Tacheron joue : kJDgJ,40,27
On joue : bFDaF,40,27
negamax took: 79ms

(40:27) Tacheron joue : cCDhC,40,27
On joue : aFDbF,40,27
negamax took: 93ms

(40:27) Tacheron joue : nDDlD,40,27
On joue : bFDaF,40,27
negamax took: 94ms

(40:27) Tacheron joue : dADdB,40,27
On joue : aFDbF,40,27
negamax took: 78ms

(40:27) Tacheron joue : gCDjC,40,27
On joue : bFDaF,40,27
negamax took: 94ms

(40:27) Tacheron joue : hCDhN,40,27
On joue : aFDbF,40,27
negamax took: 94ms

(40:27) Tacheron joue : lDDjD,40,27
On joue : bFDaF,40,27
negamax took: 93ms

(40:27) Tacheron joue : jCDiC,40,27
On joue : aFDbF,40,27
negamax took: 94ms

(40:27) Tacheron joue : hNDcN,40,27
On joue : bFDaF,40,27
negamax took: 94ms

(40:27) Tacheron joue : iCDiJ,40,27
On joue : aFDbF,40,27
negamax took: 94ms

(40:27) Tacheron joue : kADkM,40,27
On joue : bFDaF,40,27
negamax took: 93ms

(40:27) Tacheron joue : jDDbD,40,27
On joue : aFDbF,40,27
negamax took: 94ms

(40:27) Tacheron joue : gJDgF,40,27
On joue : bFDaF,40,27
negamax took: 94ms

(40:27) Tacheron joue : gFDgH,40,27
On joue : aFDbF,40,27
negamax took: 94ms

(40:27) Tacheron joue : gHDaH,40,27
On joue : bFDaF,40,27
negamax took: 109ms

(40:27) Tacheron joue : bDDeD,40,27
On joue : aFDbF,40,27
negamax took: 94ms

(40:27) Tacheron joue : dBDdF,40,27
On joue : bFDaF,40,27
negamax took: 94ms

(40:27) Tacheron joue : aHDjH,40,27
On joue : aFDbF,40,27
negamax took: 93ms

(40:27) Tacheron joue : dFDdK,40,27
On joue : bFDaF,40,27
negamax took: 94ms

(40:27) Tacheron joue : jHDgH,40,27
On joue : aFDbF,40,27
negamax took: 141ms

(40:27) Tacheron joue : iJDhJ,40,27
On joue : bFDaF,40,27
negamax took: 109ms

(40:27) Tacheron joue : hJDhD,40,27
On joue : aFDbF,40,27
negamax took: 141ms

(40:27) Tacheron joue : hDDhJ,40,27
On joue : bFDaF,40,27
negamax took: 93ms

(40:27) Tacheron joue : gHDkH,40,27
On joue : aFDbF,40,27
negamax took: 94ms

(40:27) Tacheron joue : dKDcK,40,27
On joue : bFDaF,40,27
negamax took: 94ms

(40:27) Tacheron joue : kMDcM,40,27
On joue : aFDbF,40,27
negamax took: 94ms

(40:27) Tacheron joue : cNDcH,40,27
On joue : bFDaF,40,27
negamax took: 93ms

(40:27) Tacheron joue : cMDjM,40,27
On joue : aFDbF,40,27
negamax took: 94ms

(40:27) Tacheron joue : eDDeF,40,27
On joue : bFDaF,40,27
negamax took: 94ms

(40:27) Tacheron joue : hJDhN,40,27
On joue : aFDbF,40,27
negamax took: 94ms

(40:27) Tacheron joue : cKDjK,40,27
On joue : bFDaF,40,27
negamax took: 93ms

(40:27) Tacheron joue : hNDfNAfM,38,23
On joue : aFDbF,38,23
negamax took: 79ms

(38:23) Tacheron joue : kHDkB,38,23
On joue : bFDaF,38,23
negamax took: 78ms

(38:23) Tacheron joue : eFDcF,38,23
On joue : aFDbFAcF,33,20
negamax took: 62ms

(38:23) Tacheron joue : cHDcI,38,23
On joue : bFDaF,38,23
negamax took: 78ms

(38:23) Tacheron joue : jMDlM,38,23
On joue : aFDbFAcF,33,20
negamax took: 78ms

(38:23) Tacheron joue : cFDiF,38,23
On joue : bFDaF,38,23
negamax took: 79ms

(38:23) Tacheron joue : fNDfH,38,23
On joue : aFDbF,38,23
negamax took: 78ms

(38:23) Tacheron joue : kBDgB,38,23
On joue : bFDaF,38,23
negamax took: 78ms

(38:23) Tacheron joue : fHDcH,38,23
On joue : aFDbF,38,23
negamax took: 62ms

(38:23) Tacheron joue : cIDdI,38,23
On joue : bFDaF,38,23
negamax took: 78ms

(38:23) Tacheron joue : jKDjJ,38,23
On joue : aFDbF,38,23
negamax took: 79ms

(38:23) Tacheron joue : jJDmJ,38,23
On joue : bFDaF,38,23
negamax took: 78ms

(38:23) Tacheron joue : mJDjJ,38,23
On joue : aFDbF,38,23
negamax took: 62ms

(38:23) Tacheron joue : lMDlM,38,23
On joue : bFDaF,38,23
negamax took: 94ms

(38:23) Tacheron joue : lMDlJ,38,23
On joue : aFDbF,38,23
negamax took: 62ms

(38:23) Tacheron joue : dIDdE,38,23
On joue : bFDaF,38,23
negamax took: 125ms

(38:23) Tacheron joue : gBDfB,38,23
On joue : aFDbF,38,23
negamax took: 110ms

(38:23) Tacheron joue : dEDdB,38,23
On joue : bFDaF,38,23
negamax took: 78ms

(38:23) Tacheron joue : jJDhJ,38,23
On joue : aFDbF,38,23
negamax took: 78ms

(38:23) Tacheron joue : cHDgH,38,23
On joue : bFDaF,38,23
negamax took: 78ms

(38:23) Tacheron joue : lJDlH,38,23
On joue : aFDbF,38,23
negamax took: 78ms

(38:23) Tacheron joue : hJDnJ,38,23
On joue : bFDaF,38,23
negamax took: 78ms

(38:23) Tacheron joue : lHDmH,38,23
On joue : aFDbF,38,23
negamax took: 79ms

(38:23) Tacheron joue : fBDcB,38,23
On joue : bFDaF,38,23
negamax took: 78ms

(38:23) Tacheron joue : cBDjB,38,23
On joue : aFDbF,38,23
negamax took: 78ms

(38:23) Tacheron joue : nJDgJ,38,23
On joue : bFDaF,38,23
negamax took: 78ms

(38:23) Tacheron joue : iFDiF,38,23
On joue : aFDbF,38,23
negamax took: 63ms

(38:23) Tacheron joue : dBDiB,38,23
On joue : bFDaF,38,23
negamax took: 78ms

(38:23) Tacheron joue : gHDeH,38,23
On joue : aFDbF,38,23
negamax took: 62ms

(38:23) Tacheron joue : eHDbH,38,23
On joue : bFDaF,38,23
negamax took: 78ms

(38:23) Tacheron joue : jBDgB,38,23
On joue : aFDbF,38,23
negamax took: 78ms

(38:23) Tacheron joue : gBDbB,38,23
On joue : bFDaF,38,23
negamax took: 78ms

(38:23) Tacheron joue : bHDbI,38,23
On joue : aFDbF,38,23
negamax took: 79ms

(38:23) Tacheron joue : gJDlJ,38,23
On joue : bFDaF,38,23
negamax took: 62ms

(38:23) Tacheron joue : iBDeB,38,23
On joue : aFDbF,38,23
negamax took: 62ms

(38:23) Tacheron joue : bIDbG,38,23
On joue : bFDaF,38,23
negamax took: 94ms

(38:23) Tacheron joue : mHDnH,38,23
On joue : aFDbFAbG,33,21
negamax took: 78ms

(38:23) Tacheron joue : bBDiB,38,23
On joue : bFDaF,38,23
negamax took: 63ms

(38:23) Tacheron joue : lJDiJ,38,23
On joue : aFDbFAbG,33,21
negamax took: 78ms

(38:23) Tacheron joue : nHDnA,38,23
On joue : bFDaF,38,23
negamax took: 62ms

(38:23) Tacheron joue : nADnF,38,23
On joue : aFDbFAbG,33,21
negamax took: 78ms

(38:23) Tacheron joue : nFDnH,38,23
On joue : bFDaF,38,23
negamax took: 79ms

(38:23) Tacheron joue : bGDlG,38,23
On joue : aFDbF,38,23
negamax took: 62ms

(38:23) Tacheron joue : nHDnD,38,23
On joue : bFDaF,38,23
negamax took: 78ms

(38:23) Tacheron joue : eBDlB,38,23
On joue : aFDbF,38,23
negamax took: 78ms

(38:23) Tacheron joue : lGDhG,38,23
On joue : bFDaF,38,23
negamax took: 63ms

(38:23) Tacheron joue : iBDiE,38,23
On joue : aFDbF,38,23
negamax took: 63ms

(38:23) Tacheron joue : hGDjG,38,23
On joue : bFDaF,38,23
negamax took: 78ms

(38:23) Tacheron joue : iJDiH,38,23
On joue : aFDbF,38,23
negamax took: 78ms

(38:23) Tacheron joue : iEDgE,38,23
On joue : bFDaF,38,23
negamax took: 78ms

(38:23) Tacheron joue : jGDjE,38,23
On joue : aFDbF,38,23
negamax took: 78ms

(38:23) Tacheron joue : iHDnH,38,23
On joue : bFDaF,38,23
negamax took: 79ms

(38:23) Tacheron joue : jEDhE,38,23
On joue : aFDbF,38,23
negamax took: 78ms

(38:23) Tacheron joue : hEDhN,38,23
On joue : bFDaF,38,23
negamax took: 78ms

(38:23) Tacheron joue : nHDgH,38,23
On joue : aFDbF,38,23
negamax took: 78ms

(38:23) Tacheron joue : nDDlD,38,23
On joue : bFDaF,38,23
negamax took: 78ms

(38:23) Tacheron joue : gEDgL,38,23
On joue : aFDbF,38,23
negamax took: 78ms

(38:23) Tacheron joue : hNDcN,38,23
On joue : bFDaF,38,23
negamax took: 63ms

(38:23) Tacheron joue : iFDiE,38,23
On joue : aFDbF,38,23
negamax took: 78ms

(38:23) Tacheron joue : iEDiK,38,23
On joue : bFDaF,38,23
negamax took: 78ms

(38:23) Tacheron joue : cNDeN,38,23
On joue : aFDbF,38,23
negamax took: 78ms

(38:23) Tacheron joue : lDDlN,38,23
On joue : bFDaF,38,23
negamax took: 63ms

(38:23) Tacheron joue : gLDgJ,38,23
On joue : aFDbF,38,23
negamax took: 78ms

(38:23) Tacheron joue : gHDkH,38,23
On joue : bFDaF,38,23
negamax took: 62ms

(38:23) Tacheron joue : lNDfN,38,23
On joue : aFDbF,38,23
negamax took: 78ms

(38:23) Tacheron joue : lBDkB,38,23
On joue : bFDaF,38,23
negamax took: 63ms

(38:23) Tacheron joue : eNDeK,38,23
On joue : aFDbF,38,23
negamax took: 78ms

(38:23) Tacheron joue : eKDeE,38,23
On joue : bFDaF,38,23
negamax took: 62ms

(38:23) Tacheron joue : kHDkL,38,23
On joue : aFDbF,38,23
negamax took: 79ms

(38:23) Tacheron joue : kBDkA,38,23
On joue : bFDaF,38,23
negamax took: 78ms

(38:23) Tacheron joue : fNDfN,38,23
On joue : aFDbF,38,23
negamax took: 62ms

(38:23) Tacheron joue : kLDkL,38,23
On joue : bFDaF,38,23
negamax took: 78ms

(38:23) Tacheron joue : iKDaK,38,23
On joue : aFDbF,38,23
negamax took: 63ms

(38:23) Tacheron joue : eEDeI,38,23
On joue : bFDaF,38,23
negamax took: 78ms

(38:23) Tacheron joue : aKDkK,38,23
On joue : aFDbF,38,23
negamax took: 62ms

(38:23) Tacheron joue : gJDgB,38,23
On joue : bFDaF,38,23
negamax took: 79ms

(38:23) Tacheron joue : gBDnB,38,23
On joue : aFDbF,38,23
negamax took: 62ms

(38:23) Tacheron joue : kADiA,38,23
On joue : bFDaF,38,23
negamax took: 78ms

(38:23) Tacheron joue : nBDdB,38,23
On joue : aFDbF,38,23
negamax took: 63ms

(38:23) Tacheron joue : kLDkI,38,23
On joue : bFDaF,38,23
negamax took: 78ms

(38:23) Tacheron joue : iADiB,38,23
On joue : aFDbF,38,23
negamax took: 62ms

(38:23) Tacheron joue : kIDnI,38,23
On joue : bFDaF,38,23
negamax took: 78ms

(38:23) Tacheron joue : kKDkA,38,23
On joue : aFDbF,38,23
negamax took: 79ms

(38:23) Tacheron joue : fNDfB,38,23
On joue : bFDaF,38,23
negamax took: 62ms

(38:23) Tacheron joue : kADhA,38,23
On joue : aFDbF,38,23
negamax took: 78ms

(38:23) Tacheron joue : iBDiE,38,23
On joue : bFDaF,38,23
negamax took: 63ms

(38:23) Tacheron joue : hADhE,38,23
On joue : aFDbF,38,23
negamax took: 78ms

(38:23) Tacheron joue : eIDeL,38,23
On joue : bFDaF,38,23
negamax took: 78ms

(38:23) Tacheron joue : hEDhF,38,23
On joue : aFDbF,38,23
negamax took: 62ms

(38:23) Tacheron joue : fBDfN,38,23
On joue : bFDaF,38,23
negamax took: 79ms

(38:23) Tacheron joue : iEDiA,38,23
On joue : aFDbF,38,23
negamax took: 78ms

(38:23) Tacheron joue : hFDhN,38,23
On joue : bFDaF,38,23
negamax took: 78ms

(38:23) Tacheron joue : dBDdC,38,23
On joue : aFDbF,38,23
negamax took: 78ms

(38:23) Tacheron joue : eLDgL,38,23
On joue : bFDaF,38,23
negamax took: 62ms

(38:23) Tacheron joue : nIDnL,38,23
On joue : aFDbF,38,23
negamax took: 79ms

(38:23) Tacheron joue : hNDhD,38,23
On joue : bFDaF,38,23
negamax took: 62ms

(38:23) Tacheron joue : iADiL,38,23
On joue : aFDbF,38,23
negamax took: 78ms

(38:23) Tacheron joue : gLDfL,38,23
On joue : bFDaF,38,23
negamax took: 63ms

(38:23) Tacheron joue : nLDnF,38,23
On joue : aFDbF,38,23
negamax took: 78ms

(38:23) Tacheron joue : iLDaL,38,23
On joue : bFDaF,38,23
negamax took: 62ms

(38:23) Tacheron joue : aLDaEAaF,35,18
On joue : aFDbF,35,18
negamax took: 78ms

(35:18) Tacheron joue : aEDiE,35,18
On joue : bFDaF,35,18
negamax took: 63ms

(35:18) Tacheron joue : fNDlNAkN,34,15
On joue : aFDbF,34,15
negamax took: 46ms

(34:15) Tacheron joue : iEDiJ,34,15
On joue : bFDaF,34,15
negamax took: 63ms

(34:15) Tacheron joue : nFDbFAaF,33,13
On joue : mADlA,33,13
negamax took: 31ms

(33:13) Tacheron joue : bFDkF,33,13
On joue : lADkA,33,13
negamax took: 47ms

(33:13) Tacheron joue : kFDkM,33,13
On joue : kADjA,33,13
negamax took: 31ms

(33:13) Tacheron joue : dCDdI,33,13
On joue : jADiA,33,13
negamax took: 32ms

(33:13) Tacheron joue : dIDdD,33,13
On joue : iADhA,33,13
negamax took: 46ms

(33:13) Tacheron joue : kMDcM,33,13
On joue : hADgA,33,13
negamax took: 32ms

(33:13) Tacheron joue : fLDlL,33,13
On joue : gADfA,33,13
negamax took: 47ms

(33:13) Tacheron joue : lNDmN,33,13
On joue : fADeA,33,13
negamax took: 31ms

(33:13) Tacheron joue : mNDaN,33,13
On joue : eADdA,33,13
negamax took: 31ms

(33:13) Tacheron joue : cMDcB,33,13
On joue : dADcAAcB,29,11
negamax took: 47ms

(33:13) Tacheron joue : cBDcBAcA,30,9
On joue : cADbA,30,9
negamax took: 31ms

(30:9) Tacheron joue : dDDdD,30,9
On joue : bADaA,30,9
negamax took: 31ms

(30:9) Tacheron joue : iJDnJ,30,9
On joue : aADbA,30,9
negamax took: 47ms

(30:9) Tacheron joue : aNDaN,30,9
On joue : bADaA,30,9
negamax took: 32ms

(30:9) Tacheron joue : lLDbL,30,9
On joue : aADbA,30,9
negamax took: 46ms

(30:9) Tacheron joue : dDDjD,30,9
On joue : bADaA,30,9
negamax took: 32ms

(30:9) Tacheron joue : aNDbN,30,9
On joue : aADbA,30,9
negamax took: 47ms

(30:9) Tacheron joue : hDDiD,30,9
On joue : bADaA,30,9
negamax took: 31ms

(30:9) Tacheron joue : bLDbE,30,9
On joue : aADbA,30,9
negamax took: 47ms

(30:9) Tacheron joue : iDDeD,30,9
On joue : bADaA,30,9
negamax took: 31ms

(30:9) Tacheron joue : eDDhD,30,9
On joue : aADbA,30,9
negamax took: 31ms

(30:9) Tacheron joue : nJDnK,30,9
On joue : bADaA,30,9
negamax took: 31ms

(30:9) Tacheron joue : nKDnD,30,9
On joue : aADbA,30,9
negamax took: 31ms

(30:9) Tacheron joue : cBDcE,30,9
On joue : bADaA,30,9
negamax took: 47ms

(30:9) Tacheron joue : nDDlD,30,9
On joue : aADbA,30,9
negamax took: 31ms

(30:9) Tacheron joue : hDDhC,30,9
On joue : bADaA,30,9
negamax took: 32ms

(30:9) Tacheron joue : hCDfC,30,9
On joue : aADbA,30,9
negamax took: 47ms

(30:9) Tacheron joue : jDDgD,30,9
On joue : bADaA,30,9
negamax took: 31ms

(30:9) Tacheron joue : bNDbN,30,9
On joue : aADbA,30,9
negamax took: 31ms

(30:9) Tacheron joue : gDDnD,30,9
On joue : bADaA,30,9
negamax took: 47ms

(30:9) Tacheron joue : bNDbH,30,9
On joue : aADbA,30,9
negamax took: 31ms

(30:9) Tacheron joue : fCDfA,30,9
On joue : bADaA,30,9
negamax took: 31ms

(30:9) Tacheron joue : nDDnD,30,9
On joue : aADbA,30,9
negamax took: 47ms

(30:9) Tacheron joue : nDDnI,30,9
On joue : bADaA,30,9
negamax took: 32ms

(30:9) Tacheron joue : fADfK,30,9
On joue : aADbA,30,9
negamax took: 31ms

(30:9) Tacheron joue : cEDcB,30,9
On joue : bADaA,30,9
negamax took: 47ms

(30:9) Tacheron joue : bHDnH,30,9
On joue : aADbA,30,9
negamax took: 31ms

(30:9) Tacheron joue : bEDbBAbA,28,5
On joue : nEDmE,28,5
negamax took: 16ms

(28:5) Tacheron joue : cBDmB,28,5
On joue : mEDlEAlD,24,3
negamax took: 31ms

(28:5) Tacheron joue : fKDfJ,28,5
On joue : lEDkE,28,5
negamax took: 15ms

(28:5) Tacheron joue : fJDfK,28,5
On joue : kEDjE,28,5
negamax took: 16ms

(28:5) Tacheron joue : fKDfB,28,5
On joue : jEDiE,28,5
negamax took: 16ms

(28:5) Tacheron joue : fBDeB,28,5
On joue : iEDhE,28,5
negamax took: 15ms

(28:5) Tacheron joue : eBDeF,28,5
On joue : hEDgE,28,5
negamax took: 16ms

(28:5) Tacheron joue : bBDlB,28,5
On joue : gEDfE,28,5
negamax took: 31ms

(28:5) Tacheron joue : lDDlE,28,5
On joue : fEDeEAeF,24,2
negamax took: 16ms

(28:5) Tacheron joue : lBDlL,28,5
On joue : eEDdE,28,5
negamax took: 15ms

(28:5) Tacheron joue : lLDlN,28,5
On joue : dEDcE,28,5
negamax took: 16ms

(28:5) Tacheron joue : nIDnD,28,5
On joue : cEDbE,28,5
negamax took: 16ms

(28:5) Tacheron joue : eFDeN,28,5
On joue : bEDaE,28,5
negamax took: 15ms

(28:5) Tacheron joue : nHDgH,28,5
On joue : aEDbE,28,5
negamax took: 32ms

(28:5) Tacheron joue : eNDeN,28,5
On joue : bEDaE,28,5
negamax took: 15ms

(28:5) Tacheron joue : mBDlB,28,5
On joue : aEDbE,28,5
negamax took: 16ms

(28:5) Tacheron joue : gHDgB,28,5
On joue : bEDaE,28,5
negamax took: 15ms

(28:5) Tacheron joue : gBDgB,28,5
On joue : aEDbE,28,5
negamax took: 16ms

(28:5) Tacheron joue : lNDlA,28,5
On joue : bEDaE,28,5
negamax took: 31ms

(28:5) Tacheron joue : lEDmE,28,5
On joue : aEDbE,28,5
negamax took: 16ms

(28:5) Tacheron joue : lADdA,28,5
On joue : bEDaE,28,5
negamax took: 16ms

(28:5) Tacheron joue : gBDgG,28,5
On joue : aEDbE,28,5
negamax took: 15ms

(28:5) Tacheron joue : eNDdN,28,5
On joue : bEDaE,28,5
negamax took: 16ms

(28:5) Tacheron joue : gGDgC,28,5
On joue : aEDbE,28,5
negamax took: 15ms

(28:5) Tacheron joue : lBDlJ,28,5
On joue : bEDaE,28,5
negamax took: 32ms

(28:5) Tacheron joue : gCDbC,28,5
On joue : aEDbE,28,5
negamax took: 15ms

(28:5) Tacheron joue : dNDiN,28,5
On joue : bEDaE,28,5
negamax took: 16ms

(28:5) Tacheron joue : iNDnN,28,5
On joue : aEDbE,28,5
negamax took: 16ms

(28:5) Tacheron joue : lJDlD,28,5
On joue : bEDaE,28,5
negamax took: 16ms

(28:5) Tacheron joue : mEDkE,28,5
On joue : aEDbE,28,5
negamax took: 15ms

(28:5) Tacheron joue : dADjA,28,5
On joue : bEDaE,28,5
negamax took: 16ms

(28:5) Tacheron joue : nDDnD,28,5
On joue : aEDbE,28,5
negamax took: 31ms

(28:5) Tacheron joue : nDDnF,28,5
On joue : bEDaE,28,5
negamax took: 16ms

(28:5) Tacheron joue : kEDkI,28,5
On joue : aEDbE,28,5
negamax took: 16ms

(28:5) Tacheron joue : jADjG,28,5
On joue : bEDaE,28,5
negamax took: 15ms

(28:5) Tacheron joue : bCDbM,28,5
On joue : aEDbE,28,5
negamax took: 16ms

(28:5) Tacheron joue : nFDdF,28,5
On joue : bEDaE,28,5
negamax took: 31ms

(28:5) Tacheron joue : bMDaM,28,5
On joue : aEDbE,28,5
negamax took: 16ms

(28:5) Tacheron joue : dFDcF,28,5
On joue : bEDaE,28,5
negamax took: 15ms

(28:5) Tacheron joue : kIDkG,28,5
On joue : aEDbE,28,5
negamax took: 16ms

(28:5) Tacheron joue : nNDdN,28,5
On joue : bEDaE,28,5
negamax took: 31ms

(28:5) Tacheron joue : kGDnG,28,5
On joue : aEDbE,28,5
negamax took: 16ms

(28:5) Tacheron joue : jGDfG,28,5
On joue : bEDaE,28,5
negamax took: 15ms

(28:5) Tacheron joue : nGDnJ,28,5
On joue : aEDbE,28,5
negamax took: 16ms

(28:5) Tacheron joue : lDDhD,28,5
On joue : bEDaE,28,5
negamax took: 31ms

(28:5) Tacheron joue : nJDfJ,28,5
On joue : aEDbE,28,5
negamax took: 16ms

(28:5) Tacheron joue : aMDaG,28,5
On joue : bEDaE,28,5
negamax took: 16ms

(28:5) Tacheron joue : hDDjD,28,5
On joue : aEDbE,28,5
negamax took: 15ms

(28:5) Tacheron joue : jDDjE,28,5
On joue : bEDaE,28,5
negamax took: 16ms

(28:5) Tacheron joue : fGDfH,28,5
On joue : aEDbE,28,5
negamax took: 31ms

(28:5) Tacheron joue : fJDcJ,28,5
On joue : bEDaE,28,5
negamax took: 16ms

(28:5) Tacheron joue : dNDeN,28,5
On joue : aEDbE,28,5
negamax took: 15ms

(28:5) Tacheron joue : fHDbH,28,5
On joue : bEDaE,28,5
negamax took: 16ms

(28:5) Tacheron joue : eNDeK,28,5
On joue : aEDbE,28,5
negamax took: 31ms

(28:5) Tacheron joue : bHDfH,28,5
On joue : bEDaE,28,5
negamax took: 16ms

(28:5) Tacheron joue : cJDnJ,28,5
On joue : aEDbE,28,5
negamax took: 31ms

(28:5) Tacheron joue : aGDaC,28,5
On joue : bEDaE,28,5
negamax took: 16ms

(28:5) Tacheron joue : fHDjH,28,5
On joue : aEDbE,28,5
negamax took: 15ms

(28:5) Tacheron joue : cFDcN,28,5
On joue : bEDaE,28,5
negamax took: 16ms

(28:5) Tacheron joue : aCDgC,28,5
On joue : aEDbE,28,5
negamax took: 31ms

(28:5) Tacheron joue : gCDcC,28,5
On joue : bEDaE,28,5
negamax took: 16ms

(28:5) Tacheron joue : cNDhN,28,5
On joue : aEDbE,28,5
negamax took: 15ms

(28:5) Tacheron joue : eKDmK,28,5
On joue : bEDaE,28,5
negamax took: 16ms

(28:5) Tacheron joue : hNDnN,28,5
On joue : aEDbE,28,5
negamax took: 16ms

(28:5) Tacheron joue : cCDkC,28,5
On joue : bEDaE,28,5
negamax took: 15ms

(28:5) Tacheron joue : mKDmL,28,5
On joue : aEDbE,28,5
negamax took: 16ms

(28:5) Tacheron joue : jHDjM,28,5
On joue : bEDaE,28,5
negamax took: 31ms

(28:5) Tacheron joue : mLDjL,28,5
On joue : aEDbE,28,5
negamax took: 16ms

(28:5) Tacheron joue : nJDnK,28,5
On joue : bEDaE,28,5
negamax took: 15ms

(28:5) Tacheron joue : nNDnA,28,5
On joue : aEDbE,28,5
negamax took: 16ms

(28:5) Tacheron joue : jLDjF,28,5
On joue : bEDaE,28,5
negamax took: 16ms

(28:5) Tacheron joue : nKDnD,28,5
On joue : aEDbE,28,5
negamax took: 15ms

(28:5) Tacheron joue : jEDhE,28,5
On joue : bEDaE,28,5
negamax took: 16ms

(28:5) Tacheron joue : kCDkI,28,5
On joue : aEDbE,28,5
negamax took: 31ms

(28:5) Tacheron joue : nDDnH,28,5
On joue : bEDaE,28,5
negamax took: 16ms

(28:5) Tacheron joue : nADnD,28,5
On joue : aEDbE,28,5
negamax took: 15ms

(28:5) Tacheron joue : hEDiE,28,5
On joue : bEDaE,28,5
negamax took: 16ms

(28:5) Tacheron joue : kIDbI,28,5
On joue : aEDbE,28,5
negamax took: 16ms

(28:5) Tacheron joue : jMDlM,28,5
On joue : bEDaE,28,5
negamax took: 31ms

(28:5) Tacheron joue : bIDmI,28,5
On joue : aEDbE,28,5
negamax took: 16ms

(28:5) Tacheron joue : mIDcI,28,5
On joue : bEDaE,28,5
negamax took: 15ms

(28:5) Tacheron joue : iEDbE,28,5
On joue : aEDcEAbE,27,5
negamax took: 31ms

(28:5) Tacheron joue : cIDcF,28,5
On joue : cEDaEAbE,27,5
negamax took: 16ms

(28:5) Tacheron joue : nHDnM,28,5
On joue : aEDcEAbE,27,5
negamax took: 16ms

(28:5) Tacheron joue : bEDbA,28,5
On joue : cEDbE,28,5
negamax took: 15ms

(28:5) Tacheron joue : cFDcA,28,5
On joue : bEDaE,28,5
negamax took: 16ms

(28:5) Tacheron joue : cADiA,28,5
On joue : aEDbE,28,5
negamax took: 31ms

(28:5) Tacheron joue : iADiN,28,5
On joue : bEDaE,28,5
negamax took: 16ms

(28:5) Tacheron joue : lMDlA,28,5
On joue : aEDbE,28,5
negamax took: 15ms

(28:5) Tacheron joue : iNDbN,28,5
On joue : bEDaE,28,5
negamax took: 16ms

(28:5) Tacheron joue : lADcA,28,5
On joue : aEDbE,28,5
negamax took: 16ms

(28:5) Tacheron joue : jFDjF,28,5
On joue : bEDaE,28,5
negamax took: 31ms

(28:5) Tacheron joue : jFDjL,28,5
On joue : aEDbE,28,5
negamax took: 16ms

(28:5) Tacheron joue : bADbM,28,5
On joue : bEDaE,28,5
negamax took: 15ms

(28:5) Tacheron joue : nDDhD,28,5
On joue : aEDbE,28,5
negamax took: 16ms

(28:5) Tacheron joue : jLDjB,28,5
On joue : bEDaE,28,5
negamax took: 15ms

(28:5) Tacheron joue : cADcC,28,5
On joue : aEDbE,28,5
negamax took: 16ms

(28:5) Tacheron joue : bMDaM,28,5
On joue : bEDaE,28,5
negamax took: 31ms

(28:5) Tacheron joue : bNDbI,28,5
On joue : aEDbE,28,5
negamax took: 16ms

(28:5) Tacheron joue : jBDjG,28,5
On joue : bEDaE,28,5
negamax took: 16ms

(28:5) Tacheron joue : aMDaJ,28,5
On joue : aEDbE,28,5
negamax took: 15ms

(28:5) Tacheron joue : bIDlI,28,5
On joue : bEDaE,28,5
negamax took: 31ms

(28:5) Tacheron joue : nMDnE,28,5
On joue : aEDbE,28,5
negamax took: 16ms

(28:5) Tacheron joue : aJDhJ,28,5
On joue : bEDaE,28,5
negamax took: 16ms

(28:5) Tacheron joue : nEDfE,28,5
On joue : aEDbE,28,5
negamax took: 15ms

(28:5) Tacheron joue : jGDjM,28,5
On joue : bEDaE,28,5
negamax took: 16ms

(28:5) Tacheron joue : hJDhK,28,5
On joue : aEDbE,28,5
negamax took: 31ms

(28:5) Tacheron joue : lIDdI,28,5
On joue : bEDaE,28,5
negamax took: 16ms

(28:5) Tacheron joue : dIDdM,28,5
On joue : aEDbE,28,5
negamax took: 15ms

(28:5) Tacheron joue : jMDjE,28,5
On joue : bEDaE,28,5
negamax took: 16ms

(28:5) Tacheron joue : hDDeD,28,5
On joue : aEDbE,28,5
negamax took: 16ms

(28:5) Tacheron joue : fEDcEAbE,26,1
On joue : bEDaE,26,1
negamax took: 16ms

(26:1) Tacheron joue : eDDkD,26,1
On joue : aEDbEAcE,24,0
negamax took: 16ms

(26:1) Tacheron joue : dMDbM,26,1
On joue : bEDaE,26,1
negamax took: 15ms

(26:1) Tacheron joue : kDDcD,26,1
On joue : aEDbEAcE,24,0
negamax took: 16ms

(26:1) Tacheron joue : cDDbD,26,1
On joue : bEDaE,26,1
negamax took: 31ms

(26:1) Tacheron joue : jEDnE,26,1
On joue : aEDbEAcE,24,0
negamax took: 16ms

(26:1) Tacheron joue : bMDfM,26,1
On joue : bEDaE,26,1
negamax took: 15ms

(26:1) Tacheron joue : cEDhE,26,1
On joue : aEDbEAbD,24,0
negamax took: 16ms

(26:1) Tacheron joue : bDDbD,26,1
On joue : bEDaE,26,1
negamax took: 16ms

(26:1) Tacheron joue : hKDmK,26,1
On joue : aEDbEAbD,24,0
negamax took: 31ms

(26:1) Tacheron joue : cCDmC,26,1
On joue : bEDaE,26,1
negamax took: 15ms

(26:1) Tacheron joue : mCDmB,26,1
On joue : aEDbEAbD,24,0
negamax took: 16ms

(26:1) Tacheron joue : mBDmI,26,1
On joue : bEDaE,26,1
negamax took: 16ms

(26:1) Tacheron joue : fMDbM,26,1
On joue : aEDbEAbD,24,0
negamax took: 15ms

(26:1) Tacheron joue : mIDcI,26,1
On joue : bEDaE,26,1
negamax took: 32ms

(26:1) Tacheron joue : hEDhH,26,1
On joue : aEDbEAbD,24,0
negamax took: 15ms

(26:1) Tacheron joue : hHDhD,26,1
On joue : bEDaE,26,1
negamax took: 16ms

(26:1) Tacheron joue : mKDmK,26,1
On joue : aEDbEAbD,24,0
negamax took: 15ms

(26:1) Tacheron joue : bDDbG,26,1
On joue : bEDaE,26,1
negamax took: 32ms

(26:1) Tacheron joue : bMDeM,26,1
On joue : aEDbE,26,1
negamax took: 15ms

(26:1) Tacheron joue : mKDmK,26,1
On joue : bEDaE,26,1
negamax took: 16ms

(26:1) Tacheron joue : eMDmM,26,1
On joue : aEDbE,26,1
negamax took: 16ms

(26:1) Tacheron joue : bGDmG,26,1
On joue : bEDaE,26,1
negamax took: 15ms

(26:1) Tacheron joue : mGDdG,26,1
On joue : aEDbE,26,1
negamax took: 15ms

(26:1) Tacheron joue : hDDhD,26,1
On joue : bEDaE,26,1
negamax took: 16ms

(26:1) Tacheron joue : hDDhA,26,1
On joue : aEDbE,26,1
negamax took: 16ms

(26:1) Tacheron joue : hADhG,26,1
On joue : bEDaE,26,1
negamax took: 15ms

(26:1) Tacheron joue : cIDcN,26,1
On joue : aEDbE,26,1
negamax took: 16ms

(26:1) Tacheron joue : cNDcA,26,1
On joue : bEDaE,26,1
negamax took: 16ms

(26:1) Tacheron joue : mKDmL,26,1
On joue : aEDbE,26,1
negamax took: 15ms

(26:1) Tacheron joue : dGDiG,26,1
On joue : bEDaE,26,1
negamax took: 16ms

(26:1) Tacheron joue : mMDmI,26,1
On joue : aEDbE,26,1
negamax took: 15ms

(26:1) Tacheron joue : iGDiA,26,1
On joue : bEDaE,26,1
negamax took: 32ms

(26:1) Tacheron joue : mLDgL,26,1
On joue : aEDbE,26,1
negamax took: 15ms

(26:1) Tacheron joue : iADiL,26,1
On joue : bEDaE,26,1
negamax took: 16ms

(26:1) Tacheron joue : cADjA,26,1
On joue : aEDbE,26,1
negamax took: 16ms

(26:1) Tacheron joue : nEDnC,26,1
On joue : bEDaE,26,1
negamax took: 15ms

(26:1) Tacheron joue : jADmA,26,1
On joue : aEDbE,26,1
negamax took: 16ms

(26:1) Tacheron joue : mIDjI,26,1
On joue : bEDaE,26,1
negamax took: 15ms

(26:1) Tacheron joue : gLDdL,26,1
On joue : aEDbE,26,1
negamax took: 16ms

(26:1) Tacheron joue : mADmJ,26,1
On joue : bEDaE,26,1
negamax took: 16ms

(26:1) Tacheron joue : dLDdH,26,1
On joue : aEDbE,26,1
negamax took: 15ms

(26:1) Tacheron joue : hGDlG,26,1
On joue : bEDaE,26,1
negamax took: 32ms

(26:1) Tacheron joue : lGDcG,26,1
On joue : aEDbE,26,1
negamax took: 15ms

(26:1) Tacheron joue : iLDkL,26,1
On joue : bEDaE,26,1
negamax took: 16ms

(26:1) Tacheron joue : cGDcK,26,1
On joue : aEDbE,26,1
negamax took: 15ms

(26:1) Tacheron joue : nCDkC,26,1
On joue : bEDaE,26,1
negamax took: 16ms

(26:1) Tacheron joue : dHDjH,26,1
On joue : aEDbE,26,1
negamax took: 16ms

(26:1) Tacheron joue : jIDjG,26,1
On joue : bEDaE,26,1
negamax took: 15ms

(26:1) Tacheron joue : kLDkF,26,1
On joue : aEDbE,26,1
negamax took: 16ms

(26:1) Tacheron joue : jGDjD,26,1
On joue : bEDaE,26,1
negamax took: 16ms

(26:1) Tacheron joue : mJDfJ,26,1
On joue : aEDbE,26,1
negamax took: 16ms

(26:1) Tacheron joue : fJDfC,26,1
On joue : bEDaE,26,1
negamax took: 15ms

(26:1) Tacheron joue : jHDjI,26,1
On joue : aEDbE,26,1
negamax took: 16ms

(26:1) Tacheron joue : kCDbC,26,1
On joue : bEDaE,26,1
negamax took: 16ms

(26:1) Tacheron joue : fCDfN,26,1
On joue : aEDbE,26,1
negamax took: 15ms

(26:1) Tacheron joue : bCDkC,26,1
On joue : bEDaE,26,1
negamax took: 32ms

(26:1) Tacheron joue : jDDjA,26,1
On joue : aEDbE,26,1
negamax took: 15ms

(26:1) Tacheron joue : jIDfI,26,1
On joue : bEDaE,26,1
negamax took: 16ms

(26:1) Tacheron joue : jADjI,26,1
On joue : aEDbE,26,1
negamax took: 15ms

(26:1) Tacheron joue : fIDgI,26,1
On joue : bEDaE,26,1
negamax took: 16ms

(26:1) Tacheron joue : fNDaN,26,1
On joue : aEDbE,26,1
negamax took: 16ms

(26:1) Tacheron joue : gIDhI,26,1
On joue : bEDaE,26,1
negamax took: 15ms

(26:1) Tacheron joue : hIDiI,26,1
On joue : aEDbE,26,1
negamax took: 32ms

(26:1) Tacheron joue : aNDjN,26,1
On joue : bEDaE,26,1
negamax took: 15ms

(26:1) Tacheron joue : jNDjD,26,1
On joue : aEDbE,26,1
negamax took: 16ms

(26:1) Tacheron joue : iIDfI,26,1
On joue : bEDaE,26,1
negamax took: 15ms

(26:1) Tacheron joue : fIDfH,26,1
On joue : aEDbE,26,1
negamax took: 16ms

(26:1) Tacheron joue : cKDkK,26,1
On joue : bEDaE,26,1
negamax took: 16ms

(26:1) Tacheron joue : kKDkD,26,1
On joue : aEDbE,26,1
negamax took: 31ms

(26:1) Tacheron joue : jDDjH,26,1
On joue : bEDaE,26,1
negamax took: 16ms

(26:1) Tacheron joue : jIDkI,26,1
On joue : aEDbE,26,1
negamax took: 15ms

(26:1) Tacheron joue : kDDnD,26,1
On joue : bEDaE,26,1
negamax took: 16ms

(26:1) Tacheron joue : kIDmI,26,1
On joue : aEDbE,26,1
negamax took: 15ms

(26:1) Tacheron joue : mIDmK,26,1
On joue : bEDaE,26,1
negamax took: 16ms

(26:1) Tacheron joue : nDDaDAaE,26,0
]]></system-out>
  <system-err><![CDATA[]]></system-err>
</testsuite>
